**** AUTHENTICATED POST ****
Post Data Str.:
143335300816
Post Data Bin.:
313433333335333030383136
Master key:
000102030405060708090A0B0C0D0E0F000102030405060708090A0B0C0D0E0F
SHA256(password):
03AC674216F3E15C761EE1A5E255F067953623C8B388B4459E13F978D7C846F4
Session key:
03AD654112F6E75B7E17EBAEEE58FE68953721CBB78DB242961AF373DBC548FB
SHA256(Post data):
27226A9F0D2559F9C6E12DD1EC4946CD78CE4FB24412E0262CCFFB2B07D4E230
AES(SHA256(Post data), Session key):
566D10E8680CBB79C08902CFB8251C57B35A27326C9974CF0852D3E62A38BF6D
Post body:
HORA=14&MIN=33&SEG=35&DIA=30&MES=08&ANO=16&AUT=69604699610;566D10E8680CBB79C08902CFB8251C57B35A27326C9974CF0852D3E62A38BF6D
**** AUTHENTICATED POST ****
Post Data Str.:
143335300816
Post Data Bin.:
313433333335333030383136
Master key:
000102030405060708090A0B0C0D0E0F000102030405060708090A0B0C0D0E0F
SHA256(password):
03AC674216F3E15C761EE1A5E255F067953623C8B388B4459E13F978D7C846F4
Session key:
03AD654112F6E75B7E17EBAEEE58FE68953721CBB78DB242961AF373DBC548FB
SHA256(Post data):
27226A9F0D2559F9C6E12DD1EC4946CD78CE4FB24412E0262CCFFB2B07D4E230
AES(SHA256(Post data), Session key):
566D10E8680CBB79C08902CFB8251C57B35A27326C9974CF0852D3E62A38BF6D
Post body:
HORA=14&MIN=33&SEG=35&DIA=30&MES=08&ANO=16&AUT=69604699610;566D10E8680CBB79C08902CFB8251C57B35A27326C9974CF0852D3E62A38BF6D
**** AUTHENTICATED POST ****
Post Data Str.:
145836300816
Post Data Bin.:
313435383336333030383136
Master key:
000102030405060708090A0B0C0D0E0F000102030405060708090A0B0C0D0E0F
SHA256(password):
03AC674216F3E15C761EE1A5E255F067953623C8B388B4459E13F978D7C846F4
Session key:
03AD654112F6E75B7E17EBAEEE58FE68953721CBB78DB242961AF373DBC548FB
SHA256(Post data):
6C6ABEAEC0B446E6114480517D744723A46C618DB11B3F87ACAD7C8F1C8EF5A9
AES(SHA256(Post data), Session key):
6FB236746D79D041F7326F20DE28FC907FDDE44D133CA7EFECF6BE43E06214E6
Post body:
HORA=14&MIN=58&SEG=36&DIA=30&MES=08&ANO=16&AUT=69604699610;6FB236746D79D041F7326F20DE28FC907FDDE44D133CA7EFECF6BE43E06214E6
**** AUTHENTICATED POST ****
Post Data Str.:
145836300816
Post Data Bin.:
313435383336333030383136
Master key:
000102030405060708090A0B0C0D0E0F000102030405060708090A0B0C0D0E0F
SHA256(password):
03AC674216F3E15C761EE1A5E255F067953623C8B388B4459E13F978D7C846F4
Session key:
03AD654112F6E75B7E17EBAEEE58FE68953721CBB78DB242961AF373DBC548FB
SHA256(Post data):
6C6ABEAEC0B446E6114480517D744723A46C618DB11B3F87ACAD7C8F1C8EF5A9
AES(SHA256(Post data), Session key):
6FB236746D79D041F7326F20DE28FC907FDDE44D133CA7EFECF6BE43E06214E6
Post body:
HORA=14&MIN=58&SEG=36&DIA=30&MES=08&ANO=16&AUT=69604699610;6FB236746D79D041F7326F20DE28FC907FDDE44D133CA7EFECF6BE43E06214E6
**** AUTHENTICATED POST ****
Post Data Str.:
154346300816
Post Data Bin.:
313534333436333030383136
Master key:
000102030405060708090A0B0C0D0E0F000102030405060708090A0B0C0D0E0F
SHA256(password):
03AC674216F3E15C761EE1A5E255F067953623C8B388B4459E13F978D7C846F4
Session key:
03AD654112F6E75B7E17EBAEEE58FE68953721CBB78DB242961AF373DBC548FB
SHA256(Post data):
21E52968C1EA548DB4FB098B55501FAE6DDC89479609AC3A0473BEFA7AD77877
AES(SHA256(Post data), Session key):
2F4DED36EBB49EC4471E2640B9491E293B4FC7E7E9FB7CDEAF20F36321F22F5E
Post body:
HORA=15&MIN=43&SEG=46&DIA=30&MES=08&ANO=16&AUT=69604699610;2F4DED36EBB49EC4471E2640B9491E293B4FC7E7E9FB7CDEAF20F36321F22F5E
**** AUTHENTICATED POST ****
Post Data Str.:
154346300816
Post Data Bin.:
313534333436333030383136
Master key:
000102030405060708090A0B0C0D0E0F000102030405060708090A0B0C0D0E0F
SHA256(password):
03AC674216F3E15C761EE1A5E255F067953623C8B388B4459E13F978D7C846F4
Session key:
03AD654112F6E75B7E17EBAEEE58FE68953721CBB78DB242961AF373DBC548FB
SHA256(Post data):
21E52968C1EA548DB4FB098B55501FAE6DDC89479609AC3A0473BEFA7AD77877
AES(SHA256(Post data), Session key):
2F4DED36EBB49EC4471E2640B9491E293B4FC7E7E9FB7CDEAF20F36321F22F5E
Post body:
HORA=15&MIN=43&SEG=46&DIA=30&MES=08&ANO=16&AUT=69604699610;2F4DED36EBB49EC4471E2640B9491E293B4FC7E7E9FB7CDEAF20F36321F22F5E
**** AUTHENTICATED POST ****
Post Data Str.:
154346300816
Post Data Bin.:
313534333436333030383136
Master key:
000102030405060708090A0B0C0D0E0F000102030405060708090A0B0C0D0E0F
SHA256(password):
03AC674216F3E15C761EE1A5E255F067953623C8B388B4459E13F978D7C846F4
Session key:
03AD654112F6E75B7E17EBAEEE58FE68953721CBB78DB242961AF373DBC548FB
SHA256(Post data):
21E52968C1EA548DB4FB098B55501FAE6DDC89479609AC3A0473BEFA7AD77877
AES(SHA256(Post data), Session key):
2F4DED36EBB49EC4471E2640B9491E293B4FC7E7E9FB7CDEAF20F36321F22F5E
Post body:
HORA=15&MIN=43&SEG=46&DIA=30&MES=08&ANO=16&AUT=69604699610;2F4DED36EBB49EC4471E2640B9491E293B4FC7E7E9FB7CDEAF20F36321F22F5E
**** AUTHENTICATED POST ****
Post Data Str.:
154346300816
Post Data Bin.:
313534333436333030383136
Master key:
000102030405060708090A0B0C0D0E0F000102030405060708090A0B0C0D0E0F
SHA256(password):
03AC674216F3E15C761EE1A5E255F067953623C8B388B4459E13F978D7C846F4
Session key:
03AD654112F6E75B7E17EBAEEE58FE68953721CBB78DB242961AF373DBC548FB
SHA256(Post data):
21E52968C1EA548DB4FB098B55501FAE6DDC89479609AC3A0473BEFA7AD77877
AES(SHA256(Post data), Session key):
2F4DED36EBB49EC4471E2640B9491E293B4FC7E7E9FB7CDEAF20F36321F22F5E
Post body:
HORA=15&MIN=43&SEG=46&DIA=30&MES=08&ANO=16&AUT=69604699610;2F4DED36EBB49EC4471E2640B9491E293B4FC7E7E9FB7CDEAF20F36321F22F5E
**** AUTHENTICATED POST ****
Post Data Str.:
154346300816
Post Data Bin.:
313534333436333030383136
Master key:
000102030405060708090A0B0C0D0E0F000102030405060708090A0B0C0D0E0F
SHA256(password):
03AC674216F3E15C761EE1A5E255F067953623C8B388B4459E13F978D7C846F4
Session key:
03AD654112F6E75B7E17EBAEEE58FE68953721CBB78DB242961AF373DBC548FB
SHA256(Post data):
21E52968C1EA548DB4FB098B55501FAE6DDC89479609AC3A0473BEFA7AD77877
AES(SHA256(Post data), Session key):
2F4DED36EBB49EC4471E2640B9491E293B4FC7E7E9FB7CDEAF20F36321F22F5E
Post body:
HORA=15&MIN=43&SEG=46&DIA=30&MES=08&ANO=16&AUT=69604699610;2F4DED36EBB49EC4471E2640B9491E293B4FC7E7E9FB7CDEAF20F36321F22F5E
**** AUTHENTICATED POST ****
Post Data Str.:
102046310816
Post Data Bin.:
313032303436333130383136
Master key:
000102030405060708090A0B0C0D0E0F000102030405060708090A0B0C0D0E0F
SHA256(password):
03AC674216F3E15C761EE1A5E255F067953623C8B388B4459E13F978D7C846F4
Session key:
03AD654112F6E75B7E17EBAEEE58FE68953721CBB78DB242961AF373DBC548FB
SHA256(Post data):
47EBBCCF4F91E3E0B54844F14819211EDD7DD4D25411A0A301D1AA57F27CEC19
AES(SHA256(Post data), Session key):
40635CBCD2CA1B82B3D61A27CC1071FCD2340DCAC58D59CB355C1C646026D441
Post body:
HORA=10&MIN=20&SEG=46&DIA=31&MES=08&ANO=16&AUT=69604699610;40635CBCD2CA1B82B3D61A27CC1071FCD2340DCAC58D59CB355C1C646026D441
**** AUTHENTICATED POST ****
Post Data Str.:
102046310816
Post Data Bin.:
313032303436333130383136
Master key:
000102030405060708090A0B0C0D0E0F000102030405060708090A0B0C0D0E0F
SHA256(password):
03AC674216F3E15C761EE1A5E255F067953623C8B388B4459E13F978D7C846F4
Session key:
03AD654112F6E75B7E17EBAEEE58FE68953721CBB78DB242961AF373DBC548FB
SHA256(Post data):
47EBBCCF4F91E3E0B54844F14819211EDD7DD4D25411A0A301D1AA57F27CEC19
AES(SHA256(Post data), Session key):
40635CBCD2CA1B82B3D61A27CC1071FCD2340DCAC58D59CB355C1C646026D441
Post body:
HORA=10&MIN=20&SEG=46&DIA=31&MES=08&ANO=16&AUT=69604699610;40635CBCD2CA1B82B3D61A27CC1071FCD2340DCAC58D59CB355C1C646026D441
**** AUTHENTICATED POST ****
Post Data Str.:
102814310816
Post Data Bin.:
313032383134333130383136
Master key:
B23F1379EBCA6B4A68BFE8EECFD6B648080002AACB2702787E6584537879DB65
SHA256(password):
03AC674216F3E15C761EE1A5E255F067953623C8B388B4459E13F978D7C846F4
Session key:
B193743BFD398A161EA1094B2D83462F9D36216278AFB63DE0767D2BAFB19D91
SHA256(Post data):
0A567E9025655295F15CA2BA9BE700FD8357E5AB05F02B107B8BCB50166D5B63
AES(SHA256(Post data), Session key):
7449E49331F1BEB13E275F8B5162DA0457639A0299AFF8E6A913B57E44CACBDB
Post body:
HORA=10&MIN=28&SEG=14&DIA=31&MES=08&ANO=16&AUT=45189219844;7449E49331F1BEB13E275F8B5162DA0457639A0299AFF8E6A913B57E44CACBDB
Response ok.
**** AUTHENTICATED POST ****
Post Data Str.:
103306310816
Post Data Bin.:
313033333036333130383136
Master key:
B23F1379EBCA6B4A68BFE8EECFD6B648080002AACB2702787E6584537879DB65
SHA256(password):
03AC674216F3E15C761EE1A5E255F067953623C8B388B4459E13F978D7C846F4
Session key:
B193743BFD398A161EA1094B2D83462F9D36216278AFB63DE0767D2BAFB19D91
SHA256(Post data):
311E0E8BCEA77F3E3BEACD77127A4EC4951CB3F80C8EE8CAE0B696E54CD702A0
AES(SHA256(Post data), Session key):
5DEA7238DE2D979FA0D306715F16A5754ACFDF77ED2BC53573AA3146D7AC5D39
Post body:
HORA=10&MIN=33&SEG=06&DIA=31&MES=08&ANO=16&AUT=45189219844;5DEA7238DE2D979FA0D306715F16A5754ACFDF77ED2BC53573AA3146D7AC5D39
Response ok.
**** AUTHENTICATED POST ****
Post Data Str.:
232281200001461Assecont%20Tecnologia%20testeRua%20Mario%2C%20100%20%2D%20Vila%20Romana
Post Data Bin.:
32333232383132303030303134363141737365636F6E742532305465636E6F6C6F67696125323074657374655275612532304D6172696F25324325323031303025323025324425323056696C61253230526F6D616E61
Master key:
B23F1379EBCA6B4A68BFE8EECFD6B648080002AACB2702787E6584537879DB65
SHA256(password):
03AC674216F3E15C761EE1A5E255F067953623C8B388B4459E13F978D7C846F4
Session key:
B193743BFD398A161EA1094B2D83462F9D36216278AFB63DE0767D2BAFB19D91
SHA256(Post data):
5AC516370479D639B3F4AB56B1BF28D3E933AC3289AA2AB131E14E2C6371B597
AES(SHA256(Post data), Session key):
95504A61D2AB192CFDC077FDE49AB3022BBDBADEF5F051CEADE756E2B24DB9E3
Post body:
CNPJ=23228120000146&CEI=&TIPO=1&NOME=Assecont%20Tecnologia%20teste&END=Rua%20Mario%2C%20100%20%2D%20Vila%20Romana&AUT=45189219844;95504A61D2AB192CFDC077FDE49AB3022BBDBADEF5F051CEADE756E2B24DB9E3
Response ok.
**** AUTHENTICATED POST ****
Post Data Str.:
13112199897538ABEL%20GONCALVES%20DA%20SILVA%20FILHO0538
Post Data Bin.:
31333131323139393839373533384142454C253230474F4E43414C564553253230444125323053494C564125323046494C484F30353338
Master key:
B23F1379EBCA6B4A68BFE8EECFD6B648080002AACB2702787E6584537879DB65
SHA256(password):
03AC674216F3E15C761EE1A5E255F067953623C8B388B4459E13F978D7C846F4
Session key:
B193743BFD398A161EA1094B2D83462F9D36216278AFB63DE0767D2BAFB19D91
SHA256(Post data):
800B617A96341D71C5D0F2D476BE74A13F93568F73701C1FE1A62D3A11AC7BC6
AES(SHA256(Post data), Session key):
D43D4CCB84111A33E44ECE277C4167FA776DABAED23C146501183E64FEBB67AC
Post body:
PIS=13112199897&ID=538&NOME=ABEL%20GONCALVES%20DA%20SILVA%20FILHO&CNTLS=0&KBD=538&AUT=45189219844;D43D4CCB84111A33E44ECE277C4167FA776DABAED23C146501183E64FEBB67AC
Response ok.
**** AUTHENTICATED POST ****
Post Data Str.:
13112199897538ABEL%20GONCALVES%20DA%20SILVA%20FILHO0538
Post Data Bin.:
31333131323139393839373533384142454C253230474F4E43414C564553253230444125323053494C564125323046494C484F30353338
Master key:
B23F1379EBCA6B4A68BFE8EECFD6B648080002AACB2702787E6584537879DB65
SHA256(password):
03AC674216F3E15C761EE1A5E255F067953623C8B388B4459E13F978D7C846F4
Session key:
B193743BFD398A161EA1094B2D83462F9D36216278AFB63DE0767D2BAFB19D91
SHA256(Post data):
800B617A96341D71C5D0F2D476BE74A13F93568F73701C1FE1A62D3A11AC7BC6
AES(SHA256(Post data), Session key):
D43D4CCB84111A33E44ECE277C4167FA776DABAED23C146501183E64FEBB67AC
Post body:
PIS=13112199897&ID=538&NOME=ABEL%20GONCALVES%20DA%20SILVA%20FILHO&CNTLS=0&KBD=538&AUT=45189219844;D43D4CCB84111A33E44ECE277C4167FA776DABAED23C146501183E64FEBB67AC
Response ok.
**** AUTHENTICATED POST ****
Post Data Str.:
12426599539135BENEDITO%20ARRUDA%20DA%20SILVA0135
Post Data Bin.:
313234323635393935333931333542454E454449544F253230415252554441253230444125323053494C564130313335
Master key:
B23F1379EBCA6B4A68BFE8EECFD6B648080002AACB2702787E6584537879DB65
SHA256(password):
03AC674216F3E15C761EE1A5E255F067953623C8B388B4459E13F978D7C846F4
Session key:
B193743BFD398A161EA1094B2D83462F9D36216278AFB63DE0767D2BAFB19D91
SHA256(Post data):
B921532C18F126447D3B406D41818ED4F5BAD4D90EA4E8ED47DB2330DDD41FE9
AES(SHA256(Post data), Session key):
8A1154E1E575F3F500D88F2CB4FC7053A2A7ED10F67A413752A557E869E542F8
Post body:
PIS=12426599539&ID=135&NOME=BENEDITO%20ARRUDA%20DA%20SILVA&CNTLS=0&KBD=135&AUT=45189219844;8A1154E1E575F3F500D88F2CB4FC7053A2A7ED10F67A413752A557E869E542F8
Response ok.
**** AUTHENTICATED POST ****
Post Data Str.:
12426599539135BENEDITO%20ARRUDA%20DA%20SILVA0135
Post Data Bin.:
313234323635393935333931333542454E454449544F253230415252554441253230444125323053494C564130313335
Master key:
B23F1379EBCA6B4A68BFE8EECFD6B648080002AACB2702787E6584537879DB65
SHA256(password):
03AC674216F3E15C761EE1A5E255F067953623C8B388B4459E13F978D7C846F4
Session key:
B193743BFD398A161EA1094B2D83462F9D36216278AFB63DE0767D2BAFB19D91
SHA256(Post data):
B921532C18F126447D3B406D41818ED4F5BAD4D90EA4E8ED47DB2330DDD41FE9
AES(SHA256(Post data), Session key):
8A1154E1E575F3F500D88F2CB4FC7053A2A7ED10F67A413752A557E869E542F8
Post body:
PIS=12426599539&ID=135&NOME=BENEDITO%20ARRUDA%20DA%20SILVA&CNTLS=0&KBD=135&AUT=45189219844;8A1154E1E575F3F500D88F2CB4FC7053A2A7ED10F67A413752A557E869E542F8
Response ok.
**** AUTHENTICATED POST ****
Post Data Str.:
12426599539
Post Data Bin.:
3132343236353939353339
Master key:
B23F1379EBCA6B4A68BFE8EECFD6B648080002AACB2702787E6584537879DB65
SHA256(password):
03AC674216F3E15C761EE1A5E255F067953623C8B388B4459E13F978D7C846F4
Session key:
B193743BFD398A161EA1094B2D83462F9D36216278AFB63DE0767D2BAFB19D91
SHA256(Post data):
BD91EC7017BCF44DF95ABED0214F453C054CB3E02FFED3A9DD181D8FC6964B41
AES(SHA256(Post data), Session key):
8EB0E79DC526972CCA34ADED5A9498F3EA36D65E65BE8F7038ED85204CBB2FF1
Post body:
PIS=12426599539&AUT=45189219844;8EB0E79DC526972CCA34ADED5A9498F3EA36D65E65BE8F7038ED85204CBB2FF1
Response ok.
11:17:38: Before req.GetResponse()
11:17:39: After req.GetResponse(), before Stream read
11:17:39: After Stream read
11:19:36: Before req.GetResponse()
11:19:36: After req.GetResponse(), before Stream read
11:19:36: After Stream read
11:19:36: Before request to http://192.168.1.199/MRP/Regs/NextReg
11:19:36: Before req.GetResponse()
11:19:40: After req.GetResponse(), before Stream read
11:19:40: After Stream read
11:19:40: After response, before parse
11:19:40: After parse
11:19:40: Before req.GetResponse()
11:19:43: After req.GetResponse(), before Stream read
11:19:43: After Stream read
**** AUTHENTICATED POST ****
Post Data Str.:
105740010916
Post Data Bin.:
313035373430303130393136
Master key:
000102030405060708090A0B0C0D0E0F000102030405060708090A0B0C0D0E0F
SHA256(password):
03AC674216F3E15C761EE1A5E255F067953623C8B388B4459E13F978D7C846F4
Session key:
03AD654112F6E75B7E17EBAEEE58FE68953721CBB78DB242961AF373DBC548FB
SHA256(Post data):
10FA47B0658311D9CBF66A217AE529B903D42002E474B5D58E836692AD9F963F
AES(SHA256(Post data), Session key):
CAAAD045BE15B29E6FF2D90834CD23C9482AAF6B458AB60EBA58AAB2FB28A2B3
Post body:
HORA=10&MIN=57&SEG=40&DIA=01&MES=09&ANO=16&AUT=12345678909;CAAAD045BE15B29E6FF2D90834CD23C9482AAF6B458AB60EBA58AAB2FB28A2B3
Unknown error. Sleeping and retrying...
**** AUTHENTICATED POST ****
Post Data Str.:
105740010916
Post Data Bin.:
313035373430303130393136
Master key:
000102030405060708090A0B0C0D0E0F000102030405060708090A0B0C0D0E0F
SHA256(password):
03AC674216F3E15C761EE1A5E255F067953623C8B388B4459E13F978D7C846F4
Session key:
03AD654112F6E75B7E17EBAEEE58FE68953721CBB78DB242961AF373DBC548FB
SHA256(Post data):
10FA47B0658311D9CBF66A217AE529B903D42002E474B5D58E836692AD9F963F
AES(SHA256(Post data), Session key):
CAAAD045BE15B29E6FF2D90834CD23C9482AAF6B458AB60EBA58AAB2FB28A2B3
Post body:
HORA=10&MIN=57&SEG=40&DIA=01&MES=09&ANO=16&AUT=12345678909;CAAAD045BE15B29E6FF2D90834CD23C9482AAF6B458AB60EBA58AAB2FB28A2B3
Unknown error. Sleeping and retrying...
**** AUTHENTICATED POST ****
Post Data Str.:
105740010916
Post Data Bin.:
313035373430303130393136
Master key:
000102030405060708090A0B0C0D0E0F000102030405060708090A0B0C0D0E0F
SHA256(password):
03AC674216F3E15C761EE1A5E255F067953623C8B388B4459E13F978D7C846F4
Session key:
03AD654112F6E75B7E17EBAEEE58FE68953721CBB78DB242961AF373DBC548FB
SHA256(Post data):
10FA47B0658311D9CBF66A217AE529B903D42002E474B5D58E836692AD9F963F
AES(SHA256(Post data), Session key):
CAAAD045BE15B29E6FF2D90834CD23C9482AAF6B458AB60EBA58AAB2FB28A2B3
Post body:
HORA=10&MIN=57&SEG=40&DIA=01&MES=09&ANO=16&AUT=12345678909;CAAAD045BE15B29E6FF2D90834CD23C9482AAF6B458AB60EBA58AAB2FB28A2B3
Unknown error. Sleeping and retrying...
**** AUTHENTICATED POST ****
Post Data Str.:
105740010916
Post Data Bin.:
313035373430303130393136
Master key:
000102030405060708090A0B0C0D0E0F000102030405060708090A0B0C0D0E0F
SHA256(password):
03AC674216F3E15C761EE1A5E255F067953623C8B388B4459E13F978D7C846F4
Session key:
03AD654112F6E75B7E17EBAEEE58FE68953721CBB78DB242961AF373DBC548FB
SHA256(Post data):
10FA47B0658311D9CBF66A217AE529B903D42002E474B5D58E836692AD9F963F
AES(SHA256(Post data), Session key):
CAAAD045BE15B29E6FF2D90834CD23C9482AAF6B458AB60EBA58AAB2FB28A2B3
Post body:
HORA=10&MIN=57&SEG=40&DIA=01&MES=09&ANO=16&AUT=12345678909;CAAAD045BE15B29E6FF2D90834CD23C9482AAF6B458AB60EBA58AAB2FB28A2B3
Unknown error. Sleeping and retrying...
**** AUTHENTICATED POST ****
Post Data Str.:
105740010916
Post Data Bin.:
313035373430303130393136
Master key:
000102030405060708090A0B0C0D0E0F000102030405060708090A0B0C0D0E0F
SHA256(password):
03AC674216F3E15C761EE1A5E255F067953623C8B388B4459E13F978D7C846F4
Session key:
03AD654112F6E75B7E17EBAEEE58FE68953721CBB78DB242961AF373DBC548FB
SHA256(Post data):
10FA47B0658311D9CBF66A217AE529B903D42002E474B5D58E836692AD9F963F
AES(SHA256(Post data), Session key):
CAAAD045BE15B29E6FF2D90834CD23C9482AAF6B458AB60EBA58AAB2FB28A2B3
Post body:
HORA=10&MIN=57&SEG=40&DIA=01&MES=09&ANO=16&AUT=12345678909;CAAAD045BE15B29E6FF2D90834CD23C9482AAF6B458AB60EBA58AAB2FB28A2B3
Unknown error. Sleeping and retrying...
**** AUTHENTICATED POST ****
Post Data Str.:
105830010916
Post Data Bin.:
313035383330303130393136
Master key:
B23F1379EBCA6B4A68BFE8EECFD6B648080002AACB2702787E6584537879DB65
SHA256(password):
03AC674216F3E15C761EE1A5E255F067953623C8B388B4459E13F978D7C846F4
Session key:
B193743BFD398A161EA1094B2D83462F9D36216278AFB63DE0767D2BAFB19D91
SHA256(Post data):
2815F9C639A1FFDC99B9ECFA5A79EDAB813AB0E93D00F76A69342240B235C226
AES(SHA256(Post data), Session key):
D2A06938773CB1661CE5E84120023FBC421F45F3CC6A353D61FC92E35F0382DD
Post body:
HORA=10&MIN=58&SEG=30&DIA=01&MES=09&ANO=16&AUT=45189219844;D2A06938773CB1661CE5E84120023FBC421F45F3CC6A353D61FC92E35F0382DD
Response ok.
**** AUTHENTICATED POST ****
Post Data Str.:
12426599539135BENEDITO%20ARRUDA%20DA%20SILVA0135
Post Data Bin.:
313234323635393935333931333542454E454449544F253230415252554441253230444125323053494C564130313335
Master key:
B23F1379EBCA6B4A68BFE8EECFD6B648080002AACB2702787E6584537879DB65
SHA256(password):
03AC674216F3E15C761EE1A5E255F067953623C8B388B4459E13F978D7C846F4
Session key:
B193743BFD398A161EA1094B2D83462F9D36216278AFB63DE0767D2BAFB19D91
SHA256(Post data):
B921532C18F126447D3B406D41818ED4F5BAD4D90EA4E8ED47DB2330DDD41FE9
AES(SHA256(Post data), Session key):
8A1154E1E575F3F500D88F2CB4FC7053A2A7ED10F67A413752A557E869E542F8
Post body:
PIS=12426599539&ID=135&NOME=BENEDITO%20ARRUDA%20DA%20SILVA&CNTLS=0&KBD=135&AUT=45189219844;8A1154E1E575F3F500D88F2CB4FC7053A2A7ED10F67A413752A557E869E542F8
Response ok.
**** AUTHENTICATED POST ****
Post Data Str.:
12426599539
Post Data Bin.:
3132343236353939353339
Master key:
B23F1379EBCA6B4A68BFE8EECFD6B648080002AACB2702787E6584537879DB65
SHA256(password):
03AC674216F3E15C761EE1A5E255F067953623C8B388B4459E13F978D7C846F4
Session key:
B193743BFD398A161EA1094B2D83462F9D36216278AFB63DE0767D2BAFB19D91
SHA256(Post data):
BD91EC7017BCF44DF95ABED0214F453C054CB3E02FFED3A9DD181D8FC6964B41
AES(SHA256(Post data), Session key):
8EB0E79DC526972CCA34ADED5A9498F3EA36D65E65BE8F7038ED85204CBB2FF1
Post body:
PIS=12426599539&AUT=45189219844;8EB0E79DC526972CCA34ADED5A9498F3EA36D65E65BE8F7038ED85204CBB2FF1
Response ok.
**** AUTHENTICATED POST ****
Post Data Str.:
232281200001461Assecont%20Tecnologia%20testeRua%20Mario%2C%20100%20%2D%20Vila%20Romana
Post Data Bin.:
32333232383132303030303134363141737365636F6E742532305465636E6F6C6F67696125323074657374655275612532304D6172696F25324325323031303025323025324425323056696C61253230526F6D616E61
Master key:
B23F1379EBCA6B4A68BFE8EECFD6B648080002AACB2702787E6584537879DB65
SHA256(password):
03AC674216F3E15C761EE1A5E255F067953623C8B388B4459E13F978D7C846F4
Session key:
B193743BFD398A161EA1094B2D83462F9D36216278AFB63DE0767D2BAFB19D91
SHA256(Post data):
5AC516370479D639B3F4AB56B1BF28D3E933AC3289AA2AB131E14E2C6371B597
AES(SHA256(Post data), Session key):
95504A61D2AB192CFDC077FDE49AB3022BBDBADEF5F051CEADE756E2B24DB9E3
Post body:
CNPJ=23228120000146&CEI=&TIPO=1&NOME=Assecont%20Tecnologia%20teste&END=Rua%20Mario%2C%20100%20%2D%20Vila%20Romana&AUT=45189219844;95504A61D2AB192CFDC077FDE49AB3022BBDBADEF5F051CEADE756E2B24DB9E3
Response ok.
**** AUTHENTICATED POST ****
Post Data Str.:
20452679324
Post Data Bin.:
3230343532363739333234
Master key:
B23F1379EBCA6B4A68BFE8EECFD6B648080002AACB2702787E6584537879DB65
SHA256(password):
46070D4BF934FB0D4B06D9E2C46E346944E322444900A435D7D9A95E6D7435F5
Session key:
F4381E3212FE904723B9310C0BB882214CE320EE8227A64DA9BC2D0D150DEE90
SHA256(Post data):
7C24065F2989DD2981D5030DF3E41BC3ECB1BA511657CF1E00BE70FB05CB16FF
AES(SHA256(Post data), Session key):
9FB203E41D4802E5FE2502633A32285AF4597781C0F9E5E8A16194C89B0F3EDD
Post body:
PIS=20452679324&AUT=45189219844;9FB203E41D4802E5FE2502633A32285AF4597781C0F9E5E8A16194C89B0F3EDD
Timeout. Retrying...
**** AUTHENTICATED POST ****
Post Data Str.:
20452679324
Post Data Bin.:
3230343532363739333234
Master key:
B23F1379EBCA6B4A68BFE8EECFD6B648080002AACB2702787E6584537879DB65
SHA256(password):
46070D4BF934FB0D4B06D9E2C46E346944E322444900A435D7D9A95E6D7435F5
Session key:
F4381E3212FE904723B9310C0BB882214CE320EE8227A64DA9BC2D0D150DEE90
SHA256(Post data):
7C24065F2989DD2981D5030DF3E41BC3ECB1BA511657CF1E00BE70FB05CB16FF
AES(SHA256(Post data), Session key):
9FB203E41D4802E5FE2502633A32285AF4597781C0F9E5E8A16194C89B0F3EDD
Post body:
PIS=20452679324&AUT=45189219844;9FB203E41D4802E5FE2502633A32285AF4597781C0F9E5E8A16194C89B0F3EDD
Timeout. Retrying...
**** AUTHENTICATED POST ****
Post Data Str.:
20452679324
Post Data Bin.:
3230343532363739333234
Master key:
B23F1379EBCA6B4A68BFE8EECFD6B648080002AACB2702787E6584537879DB65
SHA256(password):
46070D4BF934FB0D4B06D9E2C46E346944E322444900A435D7D9A95E6D7435F5
Session key:
F4381E3212FE904723B9310C0BB882214CE320EE8227A64DA9BC2D0D150DEE90
SHA256(Post data):
7C24065F2989DD2981D5030DF3E41BC3ECB1BA511657CF1E00BE70FB05CB16FF
AES(SHA256(Post data), Session key):
9FB203E41D4802E5FE2502633A32285AF4597781C0F9E5E8A16194C89B0F3EDD
Post body:
PIS=20452679324&AUT=45189219844;9FB203E41D4802E5FE2502633A32285AF4597781C0F9E5E8A16194C89B0F3EDD
Timeout. Retrying...
**** AUTHENTICATED POST ****
Post Data Str.:
20452679324
Post Data Bin.:
3230343532363739333234
Master key:
B23F1379EBCA6B4A68BFE8EECFD6B648080002AACB2702787E6584537879DB65
SHA256(password):
46070D4BF934FB0D4B06D9E2C46E346944E322444900A435D7D9A95E6D7435F5
Session key:
F4381E3212FE904723B9310C0BB882214CE320EE8227A64DA9BC2D0D150DEE90
SHA256(Post data):
7C24065F2989DD2981D5030DF3E41BC3ECB1BA511657CF1E00BE70FB05CB16FF
AES(SHA256(Post data), Session key):
9FB203E41D4802E5FE2502633A32285AF4597781C0F9E5E8A16194C89B0F3EDD
Post body:
PIS=20452679324&AUT=45189219844;9FB203E41D4802E5FE2502633A32285AF4597781C0F9E5E8A16194C89B0F3EDD
Timeout. Retrying...
**** AUTHENTICATED POST ****
Post Data Str.:
20452679324
Post Data Bin.:
3230343532363739333234
Master key:
B23F1379EBCA6B4A68BFE8EECFD6B648080002AACB2702787E6584537879DB65
SHA256(password):
46070D4BF934FB0D4B06D9E2C46E346944E322444900A435D7D9A95E6D7435F5
Session key:
F4381E3212FE904723B9310C0BB882214CE320EE8227A64DA9BC2D0D150DEE90
SHA256(Post data):
7C24065F2989DD2981D5030DF3E41BC3ECB1BA511657CF1E00BE70FB05CB16FF
AES(SHA256(Post data), Session key):
9FB203E41D4802E5FE2502633A32285AF4597781C0F9E5E8A16194C89B0F3EDD
Post body:
PIS=20452679324&AUT=45189219844;9FB203E41D4802E5FE2502633A32285AF4597781C0F9E5E8A16194C89B0F3EDD
Timeout. Retrying...
**** AUTHENTICATED POST ****
Post Data Str.:
20452679324
Post Data Bin.:
3230343532363739333234
Master key:
B23F1379EBCA6B4A68BFE8EECFD6B648080002AACB2702787E6584537879DB65
SHA256(password):
46070D4BF934FB0D4B06D9E2C46E346944E322444900A435D7D9A95E6D7435F5
Session key:
F4381E3212FE904723B9310C0BB882214CE320EE8227A64DA9BC2D0D150DEE90
SHA256(Post data):
7C24065F2989DD2981D5030DF3E41BC3ECB1BA511657CF1E00BE70FB05CB16FF
AES(SHA256(Post data), Session key):
9FB203E41D4802E5FE2502633A32285AF4597781C0F9E5E8A16194C89B0F3EDD
Post body:
PIS=20452679324&AUT=45189219844;9FB203E41D4802E5FE2502633A32285AF4597781C0F9E5E8A16194C89B0F3EDD
**** AUTHENTICATED POST ****
Post Data Str.:
20452679324
Post Data Bin.:
3230343532363739333234
Master key:
B23F1379EBCA6B4A68BFE8EECFD6B648080002AACB2702787E6584537879DB65
SHA256(password):
46070D4BF934FB0D4B06D9E2C46E346944E322444900A435D7D9A95E6D7435F5
Session key:
F4381E3212FE904723B9310C0BB882214CE320EE8227A64DA9BC2D0D150DEE90
SHA256(Post data):
7C24065F2989DD2981D5030DF3E41BC3ECB1BA511657CF1E00BE70FB05CB16FF
AES(SHA256(Post data), Session key):
9FB203E41D4802E5FE2502633A32285AF4597781C0F9E5E8A16194C89B0F3EDD
Post body:
PIS=20452679324&AUT=45189219844;9FB203E41D4802E5FE2502633A32285AF4597781C0F9E5E8A16194C89B0F3EDD
**** AUTHENTICATED POST ****
Post Data Str.:
20452679324
Post Data Bin.:
3230343532363739333234
Master key:
B23F1379EBCA6B4A68BFE8EECFD6B648080002AACB2702787E6584537879DB65
SHA256(password):
46070D4BF934FB0D4B06D9E2C46E346944E322444900A435D7D9A95E6D7435F5
Session key:
F4381E3212FE904723B9310C0BB882214CE320EE8227A64DA9BC2D0D150DEE90
SHA256(Post data):
7C24065F2989DD2981D5030DF3E41BC3ECB1BA511657CF1E00BE70FB05CB16FF
AES(SHA256(Post data), Session key):
9FB203E41D4802E5FE2502633A32285AF4597781C0F9E5E8A16194C89B0F3EDD
Post body:
PIS=20452679324&AUT=45189219844;9FB203E41D4802E5FE2502633A32285AF4597781C0F9E5E8A16194C89B0F3EDD
**** AUTHENTICATED POST ****
Post Data Str.:
20452679324
Post Data Bin.:
3230343532363739333234
Master key:
B23F1379EBCA6B4A68BFE8EECFD6B648080002AACB2702787E6584537879DB65
SHA256(password):
46070D4BF934FB0D4B06D9E2C46E346944E322444900A435D7D9A95E6D7435F5
Session key:
F4381E3212FE904723B9310C0BB882214CE320EE8227A64DA9BC2D0D150DEE90
SHA256(Post data):
7C24065F2989DD2981D5030DF3E41BC3ECB1BA511657CF1E00BE70FB05CB16FF
AES(SHA256(Post data), Session key):
9FB203E41D4802E5FE2502633A32285AF4597781C0F9E5E8A16194C89B0F3EDD
Post body:
PIS=20452679324&AUT=45189219844;9FB203E41D4802E5FE2502633A32285AF4597781C0F9E5E8A16194C89B0F3EDD
**** AUTHENTICATED POST ****
Post Data Str.:
20452679324
Post Data Bin.:
3230343532363739333234
Master key:
B23F1379EBCA6B4A68BFE8EECFD6B648080002AACB2702787E6584537879DB65
SHA256(password):
46070D4BF934FB0D4B06D9E2C46E346944E322444900A435D7D9A95E6D7435F5
Session key:
F4381E3212FE904723B9310C0BB882214CE320EE8227A64DA9BC2D0D150DEE90
SHA256(Post data):
7C24065F2989DD2981D5030DF3E41BC3ECB1BA511657CF1E00BE70FB05CB16FF
AES(SHA256(Post data), Session key):
9FB203E41D4802E5FE2502633A32285AF4597781C0F9E5E8A16194C89B0F3EDD
Post body:
PIS=20452679324&AUT=45189219844;9FB203E41D4802E5FE2502633A32285AF4597781C0F9E5E8A16194C89B0F3EDD
**** AUTHENTICATED POST ****
Post Data Str.:
204526793241234EDINEIA%20NUNES%20SANTIAGO01234
Post Data Bin.:
3230343532363739333234313233344544494E4549412532304E554E455325323053414E544941474F3031323334
Master key:
B23F1379EBCA6B4A68BFE8EECFD6B648080002AACB2702787E6584537879DB65
SHA256(password):
46070D4BF934FB0D4B06D9E2C46E346944E322444900A435D7D9A95E6D7435F5
Session key:
F4381E3212FE904723B9310C0BB882214CE320EE8227A64DA9BC2D0D150DEE90
SHA256(Post data):
9ADA7A6FB958A8F3926BBD2407D24FA3782046FE1AB0BC99951840809ECB0611
AES(SHA256(Post data), Session key):
C2D616303459FA4453C131597E10C381199A20CAD8050FE61D4A4BDC5DA3380D
Post body:
PIS=20452679324&ID=1234&NOME=EDINEIA%20NUNES%20SANTIAGO&CNTLS=0&KBD=1234&AUT=45189219844;C2D616303459FA4453C131597E10C381199A20CAD8050FE61D4A4BDC5DA3380D
**** AUTHENTICATED POST ****
Post Data Str.:
204526793241234EDINEIA%20NUNES%20SANTIAGO01234
Post Data Bin.:
3230343532363739333234313233344544494E4549412532304E554E455325323053414E544941474F3031323334
Master key:
B23F1379EBCA6B4A68BFE8EECFD6B648080002AACB2702787E6584537879DB65
SHA256(password):
46070D4BF934FB0D4B06D9E2C46E346944E322444900A435D7D9A95E6D7435F5
Session key:
F4381E3212FE904723B9310C0BB882214CE320EE8227A64DA9BC2D0D150DEE90
SHA256(Post data):
9ADA7A6FB958A8F3926BBD2407D24FA3782046FE1AB0BC99951840809ECB0611
AES(SHA256(Post data), Session key):
C2D616303459FA4453C131597E10C381199A20CAD8050FE61D4A4BDC5DA3380D
Post body:
PIS=20452679324&ID=1234&NOME=EDINEIA%20NUNES%20SANTIAGO&CNTLS=0&KBD=1234&AUT=45189219844;C2D616303459FA4453C131597E10C381199A20CAD8050FE61D4A4BDC5DA3380D
**** AUTHENTICATED POST ****
Post Data Str.:
204526793241234EDINEIA%20NUNES%20SANTIAGO01234
Post Data Bin.:
3230343532363739333234313233344544494E4549412532304E554E455325323053414E544941474F3031323334
Master key:
B23F1379EBCA6B4A68BFE8EECFD6B648080002AACB2702787E6584537879DB65
SHA256(password):
46070D4BF934FB0D4B06D9E2C46E346944E322444900A435D7D9A95E6D7435F5
Session key:
F4381E3212FE904723B9310C0BB882214CE320EE8227A64DA9BC2D0D150DEE90
SHA256(Post data):
9ADA7A6FB958A8F3926BBD2407D24FA3782046FE1AB0BC99951840809ECB0611
AES(SHA256(Post data), Session key):
C2D616303459FA4453C131597E10C381199A20CAD8050FE61D4A4BDC5DA3380D
Post body:
PIS=20452679324&ID=1234&NOME=EDINEIA%20NUNES%20SANTIAGO&CNTLS=0&KBD=1234&AUT=45189219844;C2D616303459FA4453C131597E10C381199A20CAD8050FE61D4A4BDC5DA3380D
**** AUTHENTICATED POST ****
Post Data Str.:
204526793241234EDINEIA%20NUNES%20SANTIAGO01234
Post Data Bin.:
3230343532363739333234313233344544494E4549412532304E554E455325323053414E544941474F3031323334
Master key:
B23F1379EBCA6B4A68BFE8EECFD6B648080002AACB2702787E6584537879DB65
SHA256(password):
46070D4BF934FB0D4B06D9E2C46E346944E322444900A435D7D9A95E6D7435F5
Session key:
F4381E3212FE904723B9310C0BB882214CE320EE8227A64DA9BC2D0D150DEE90
SHA256(Post data):
9ADA7A6FB958A8F3926BBD2407D24FA3782046FE1AB0BC99951840809ECB0611
AES(SHA256(Post data), Session key):
C2D616303459FA4453C131597E10C381199A20CAD8050FE61D4A4BDC5DA3380D
Post body:
PIS=20452679324&ID=1234&NOME=EDINEIA%20NUNES%20SANTIAGO&CNTLS=0&KBD=1234&AUT=45189219844;C2D616303459FA4453C131597E10C381199A20CAD8050FE61D4A4BDC5DA3380D
**** AUTHENTICATED POST ****
Post Data Str.:
204526793241234EDINEIA%20NUNES%20SANTIAGO01234
Post Data Bin.:
3230343532363739333234313233344544494E4549412532304E554E455325323053414E544941474F3031323334
Master key:
B23F1379EBCA6B4A68BFE8EECFD6B648080002AACB2702787E6584537879DB65
SHA256(password):
46070D4BF934FB0D4B06D9E2C46E346944E322444900A435D7D9A95E6D7435F5
Session key:
F4381E3212FE904723B9310C0BB882214CE320EE8227A64DA9BC2D0D150DEE90
SHA256(Post data):
9ADA7A6FB958A8F3926BBD2407D24FA3782046FE1AB0BC99951840809ECB0611
AES(SHA256(Post data), Session key):
C2D616303459FA4453C131597E10C381199A20CAD8050FE61D4A4BDC5DA3380D
Post body:
PIS=20452679324&ID=1234&NOME=EDINEIA%20NUNES%20SANTIAGO&CNTLS=0&KBD=1234&AUT=45189219844;C2D616303459FA4453C131597E10C381199A20CAD8050FE61D4A4BDC5DA3380D
**** AUTHENTICATED POST ****
Post Data Str.:
20452679324
Post Data Bin.:
3230343532363739333234
Master key:
B23F1379EBCA6B4A68BFE8EECFD6B648080002AACB2702787E6584537879DB65
SHA256(password):
46070D4BF934FB0D4B06D9E2C46E346944E322444900A435D7D9A95E6D7435F5
Session key:
F4381E3212FE904723B9310C0BB882214CE320EE8227A64DA9BC2D0D150DEE90
SHA256(Post data):
7C24065F2989DD2981D5030DF3E41BC3ECB1BA511657CF1E00BE70FB05CB16FF
AES(SHA256(Post data), Session key):
9FB203E41D4802E5FE2502633A32285AF4597781C0F9E5E8A16194C89B0F3EDD
Post body:
PIS=20452679324&AUT=45189219844;9FB203E41D4802E5FE2502633A32285AF4597781C0F9E5E8A16194C89B0F3EDD
**** AUTHENTICATED POST ****
Post Data Str.:
20452679324
Post Data Bin.:
3230343532363739333234
Master key:
B23F1379EBCA6B4A68BFE8EECFD6B648080002AACB2702787E6584537879DB65
SHA256(password):
46070D4BF934FB0D4B06D9E2C46E346944E322444900A435D7D9A95E6D7435F5
Session key:
F4381E3212FE904723B9310C0BB882214CE320EE8227A64DA9BC2D0D150DEE90
SHA256(Post data):
7C24065F2989DD2981D5030DF3E41BC3ECB1BA511657CF1E00BE70FB05CB16FF
AES(SHA256(Post data), Session key):
9FB203E41D4802E5FE2502633A32285AF4597781C0F9E5E8A16194C89B0F3EDD
Post body:
PIS=20452679324&AUT=45189219844;9FB203E41D4802E5FE2502633A32285AF4597781C0F9E5E8A16194C89B0F3EDD
**** AUTHENTICATED POST ****
Post Data Str.:
20452679324
Post Data Bin.:
3230343532363739333234
Master key:
B23F1379EBCA6B4A68BFE8EECFD6B648080002AACB2702787E6584537879DB65
SHA256(password):
46070D4BF934FB0D4B06D9E2C46E346944E322444900A435D7D9A95E6D7435F5
Session key:
F4381E3212FE904723B9310C0BB882214CE320EE8227A64DA9BC2D0D150DEE90
SHA256(Post data):
7C24065F2989DD2981D5030DF3E41BC3ECB1BA511657CF1E00BE70FB05CB16FF
AES(SHA256(Post data), Session key):
9FB203E41D4802E5FE2502633A32285AF4597781C0F9E5E8A16194C89B0F3EDD
Post body:
PIS=20452679324&AUT=45189219844;9FB203E41D4802E5FE2502633A32285AF4597781C0F9E5E8A16194C89B0F3EDD
**** AUTHENTICATED POST ****
Post Data Str.:
20452679324
Post Data Bin.:
3230343532363739333234
Master key:
B23F1379EBCA6B4A68BFE8EECFD6B648080002AACB2702787E6584537879DB65
SHA256(password):
46070D4BF934FB0D4B06D9E2C46E346944E322444900A435D7D9A95E6D7435F5
Session key:
F4381E3212FE904723B9310C0BB882214CE320EE8227A64DA9BC2D0D150DEE90
SHA256(Post data):
7C24065F2989DD2981D5030DF3E41BC3ECB1BA511657CF1E00BE70FB05CB16FF
AES(SHA256(Post data), Session key):
9FB203E41D4802E5FE2502633A32285AF4597781C0F9E5E8A16194C89B0F3EDD
Post body:
PIS=20452679324&AUT=45189219844;9FB203E41D4802E5FE2502633A32285AF4597781C0F9E5E8A16194C89B0F3EDD
**** AUTHENTICATED POST ****
Post Data Str.:
20452679324
Post Data Bin.:
3230343532363739333234
Master key:
B23F1379EBCA6B4A68BFE8EECFD6B648080002AACB2702787E6584537879DB65
SHA256(password):
46070D4BF934FB0D4B06D9E2C46E346944E322444900A435D7D9A95E6D7435F5
Session key:
F4381E3212FE904723B9310C0BB882214CE320EE8227A64DA9BC2D0D150DEE90
SHA256(Post data):
7C24065F2989DD2981D5030DF3E41BC3ECB1BA511657CF1E00BE70FB05CB16FF
AES(SHA256(Post data), Session key):
9FB203E41D4802E5FE2502633A32285AF4597781C0F9E5E8A16194C89B0F3EDD
Post body:
PIS=20452679324&AUT=45189219844;9FB203E41D4802E5FE2502633A32285AF4597781C0F9E5E8A16194C89B0F3EDD
**** AUTHENTICATED POST ****
Post Data Str.:
20452679324
Post Data Bin.:
3230343532363739333234
Master key:
B23F1379EBCA6B4A68BFE8EECFD6B648080002AACB2702787E6584537879DB65
SHA256(password):
46070D4BF934FB0D4B06D9E2C46E346944E322444900A435D7D9A95E6D7435F5
Session key:
F4381E3212FE904723B9310C0BB882214CE320EE8227A64DA9BC2D0D150DEE90
SHA256(Post data):
7C24065F2989DD2981D5030DF3E41BC3ECB1BA511657CF1E00BE70FB05CB16FF
AES(SHA256(Post data), Session key):
9FB203E41D4802E5FE2502633A32285AF4597781C0F9E5E8A16194C89B0F3EDD
Post body:
PIS=20452679324&AUT=45189219844;9FB203E41D4802E5FE2502633A32285AF4597781C0F9E5E8A16194C89B0F3EDD
**** AUTHENTICATED POST ****
Post Data Str.:
20452679324
Post Data Bin.:
3230343532363739333234
Master key:
B23F1379EBCA6B4A68BFE8EECFD6B648080002AACB2702787E6584537879DB65
SHA256(password):
46070D4BF934FB0D4B06D9E2C46E346944E322444900A435D7D9A95E6D7435F5
Session key:
F4381E3212FE904723B9310C0BB882214CE320EE8227A64DA9BC2D0D150DEE90
SHA256(Post data):
7C24065F2989DD2981D5030DF3E41BC3ECB1BA511657CF1E00BE70FB05CB16FF
AES(SHA256(Post data), Session key):
9FB203E41D4802E5FE2502633A32285AF4597781C0F9E5E8A16194C89B0F3EDD
Post body:
PIS=20452679324&AUT=45189219844;9FB203E41D4802E5FE2502633A32285AF4597781C0F9E5E8A16194C89B0F3EDD
**** AUTHENTICATED POST ****
Post Data Str.:
20452679324
Post Data Bin.:
3230343532363739333234
Master key:
B23F1379EBCA6B4A68BFE8EECFD6B648080002AACB2702787E6584537879DB65
SHA256(password):
46070D4BF934FB0D4B06D9E2C46E346944E322444900A435D7D9A95E6D7435F5
Session key:
F4381E3212FE904723B9310C0BB882214CE320EE8227A64DA9BC2D0D150DEE90
SHA256(Post data):
7C24065F2989DD2981D5030DF3E41BC3ECB1BA511657CF1E00BE70FB05CB16FF
AES(SHA256(Post data), Session key):
9FB203E41D4802E5FE2502633A32285AF4597781C0F9E5E8A16194C89B0F3EDD
Post body:
PIS=20452679324&AUT=45189219844;9FB203E41D4802E5FE2502633A32285AF4597781C0F9E5E8A16194C89B0F3EDD
**** AUTHENTICATED POST ****
Post Data Str.:
20452679324
Post Data Bin.:
3230343532363739333234
Master key:
B23F1379EBCA6B4A68BFE8EECFD6B648080002AACB2702787E6584537879DB65
SHA256(password):
46070D4BF934FB0D4B06D9E2C46E346944E322444900A435D7D9A95E6D7435F5
Session key:
F4381E3212FE904723B9310C0BB882214CE320EE8227A64DA9BC2D0D150DEE90
SHA256(Post data):
7C24065F2989DD2981D5030DF3E41BC3ECB1BA511657CF1E00BE70FB05CB16FF
AES(SHA256(Post data), Session key):
9FB203E41D4802E5FE2502633A32285AF4597781C0F9E5E8A16194C89B0F3EDD
Post body:
PIS=20452679324&AUT=45189219844;9FB203E41D4802E5FE2502633A32285AF4597781C0F9E5E8A16194C89B0F3EDD
**** AUTHENTICATED POST ****
Post Data Str.:
20452679324
Post Data Bin.:
3230343532363739333234
Master key:
B23F1379EBCA6B4A68BFE8EECFD6B648080002AACB2702787E6584537879DB65
SHA256(password):
46070D4BF934FB0D4B06D9E2C46E346944E322444900A435D7D9A95E6D7435F5
Session key:
F4381E3212FE904723B9310C0BB882214CE320EE8227A64DA9BC2D0D150DEE90
SHA256(Post data):
7C24065F2989DD2981D5030DF3E41BC3ECB1BA511657CF1E00BE70FB05CB16FF
AES(SHA256(Post data), Session key):
9FB203E41D4802E5FE2502633A32285AF4597781C0F9E5E8A16194C89B0F3EDD
Post body:
PIS=20452679324&AUT=45189219844;9FB203E41D4802E5FE2502633A32285AF4597781C0F9E5E8A16194C89B0F3EDD
**** AUTHENTICATED POST ****
Post Data Str.:
20452679324
Post Data Bin.:
3230343532363739333234
Master key:
B23F1379EBCA6B4A68BFE8EECFD6B648080002AACB2702787E6584537879DB65
SHA256(password):
03AC674216F3E15C761EE1A5E255F067953623C8B388B4459E13F978D7C846F4
Session key:
B193743BFD398A161EA1094B2D83462F9D36216278AFB63DE0767D2BAFB19D91
SHA256(Post data):
7C24065F2989DD2981D5030DF3E41BC3ECB1BA511657CF1E00BE70FB05CB16FF
AES(SHA256(Post data), Session key):
55D2C738906CC7A24076CD24DA2C737E9688DCF1F11E57AC59F9122E34EE0672
Post body:
PIS=20452679324&AUT=45189219844;55D2C738906CC7A24076CD24DA2C737E9688DCF1F11E57AC59F9122E34EE0672
Response ok.
**** AUTHENTICATED POST ****
Post Data Str.:
21001843365
Post Data Bin.:
3231303031383433333635
Master key:
B23F1379EBCA6B4A68BFE8EECFD6B648080002AACB2702787E6584537879DB65
SHA256(password):
03AC674216F3E15C761EE1A5E255F067953623C8B388B4459E13F978D7C846F4
Session key:
B193743BFD398A161EA1094B2D83462F9D36216278AFB63DE0767D2BAFB19D91
SHA256(Post data):
A185F06393321C965F2D1C9F426569E3D99F1855046C8CF465CB8F74171E7BFB
AES(SHA256(Post data), Session key):
8F35E7D1946BD38F4832BBA51114B88B16D6D7023ADB0DEDD35AB76722AB01B6
Post body:
PIS=21001843365&AUT=45189219844;8F35E7D1946BD38F4832BBA51114B88B16D6D7023ADB0DEDD35AB76722AB01B6
Response ok.
**** AUTHENTICATED POST ****
Post Data Str.:
164535200217
Post Data Bin.:
313634353335323030323137
Master key:
000102030405060708090A0B0C0D0E0F000102030405060708090A0B0C0D0E0F
SHA256(password):
03AC674216F3E15C761EE1A5E255F067953623C8B388B4459E13F978D7C846F4
Session key:
03AD654112F6E75B7E17EBAEEE58FE68953721CBB78DB242961AF373DBC548FB
SHA256(Post data):
5ED80FAB87EF53D90958DB9082ECDF1A779B26A0F28D8102249BD0D1909EEF6F
AES(SHA256(Post data), Session key):
5DBE48E960E488BEDAB9ACB1C02C4371FF7F141E4CE8F65583A17266B6C13B1E
Post body:
HORA=16&MIN=45&SEG=35&DIA=20&MES=02&ANO=17&AUT=12345678909;5DBE48E960E488BEDAB9ACB1C02C4371FF7F141E4CE8F65583A17266B6C13B1E
Unknown error. Sleeping and retrying...
**** AUTHENTICATED POST ****
Post Data Str.:
164535200217
Post Data Bin.:
313634353335323030323137
Master key:
000102030405060708090A0B0C0D0E0F000102030405060708090A0B0C0D0E0F
SHA256(password):
03AC674216F3E15C761EE1A5E255F067953623C8B388B4459E13F978D7C846F4
Session key:
03AD654112F6E75B7E17EBAEEE58FE68953721CBB78DB242961AF373DBC548FB
SHA256(Post data):
5ED80FAB87EF53D90958DB9082ECDF1A779B26A0F28D8102249BD0D1909EEF6F
AES(SHA256(Post data), Session key):
5DBE48E960E488BEDAB9ACB1C02C4371FF7F141E4CE8F65583A17266B6C13B1E
Post body:
HORA=16&MIN=45&SEG=35&DIA=20&MES=02&ANO=17&AUT=12345678909;5DBE48E960E488BEDAB9ACB1C02C4371FF7F141E4CE8F65583A17266B6C13B1E
Unknown error. Sleeping and retrying...
**** AUTHENTICATED POST ****
Post Data Str.:
164535200217
Post Data Bin.:
313634353335323030323137
Master key:
000102030405060708090A0B0C0D0E0F000102030405060708090A0B0C0D0E0F
SHA256(password):
03AC674216F3E15C761EE1A5E255F067953623C8B388B4459E13F978D7C846F4
Session key:
03AD654112F6E75B7E17EBAEEE58FE68953721CBB78DB242961AF373DBC548FB
SHA256(Post data):
5ED80FAB87EF53D90958DB9082ECDF1A779B26A0F28D8102249BD0D1909EEF6F
AES(SHA256(Post data), Session key):
5DBE48E960E488BEDAB9ACB1C02C4371FF7F141E4CE8F65583A17266B6C13B1E
Post body:
HORA=16&MIN=45&SEG=35&DIA=20&MES=02&ANO=17&AUT=12345678909;5DBE48E960E488BEDAB9ACB1C02C4371FF7F141E4CE8F65583A17266B6C13B1E
Unknown error. Sleeping and retrying...
**** AUTHENTICATED POST ****
Post Data Str.:
164535200217
Post Data Bin.:
313634353335323030323137
Master key:
000102030405060708090A0B0C0D0E0F000102030405060708090A0B0C0D0E0F
SHA256(password):
03AC674216F3E15C761EE1A5E255F067953623C8B388B4459E13F978D7C846F4
Session key:
03AD654112F6E75B7E17EBAEEE58FE68953721CBB78DB242961AF373DBC548FB
SHA256(Post data):
5ED80FAB87EF53D90958DB9082ECDF1A779B26A0F28D8102249BD0D1909EEF6F
AES(SHA256(Post data), Session key):
5DBE48E960E488BEDAB9ACB1C02C4371FF7F141E4CE8F65583A17266B6C13B1E
Post body:
HORA=16&MIN=45&SEG=35&DIA=20&MES=02&ANO=17&AUT=12345678909;5DBE48E960E488BEDAB9ACB1C02C4371FF7F141E4CE8F65583A17266B6C13B1E
Unknown error. Sleeping and retrying...
**** AUTHENTICATED POST ****
Post Data Str.:
164535200217
Post Data Bin.:
313634353335323030323137
Master key:
000102030405060708090A0B0C0D0E0F000102030405060708090A0B0C0D0E0F
SHA256(password):
03AC674216F3E15C761EE1A5E255F067953623C8B388B4459E13F978D7C846F4
Session key:
03AD654112F6E75B7E17EBAEEE58FE68953721CBB78DB242961AF373DBC548FB
SHA256(Post data):
5ED80FAB87EF53D90958DB9082ECDF1A779B26A0F28D8102249BD0D1909EEF6F
AES(SHA256(Post data), Session key):
5DBE48E960E488BEDAB9ACB1C02C4371FF7F141E4CE8F65583A17266B6C13B1E
Post body:
HORA=16&MIN=45&SEG=35&DIA=20&MES=02&ANO=17&AUT=12345678909;5DBE48E960E488BEDAB9ACB1C02C4371FF7F141E4CE8F65583A17266B6C13B1E
Unknown error. Sleeping and retrying...
**** AUTHENTICATED POST ****
Post Data Str.:
165029200217
Post Data Bin.:
313635303239323030323137
Master key:
000102030405060708090A0B0C0D0E0F000102030405060708090A0B0C0D0E0F
SHA256(password):
03AC674216F3E15C761EE1A5E255F067953623C8B388B4459E13F978D7C846F4
Session key:
03AD654112F6E75B7E17EBAEEE58FE68953721CBB78DB242961AF373DBC548FB
SHA256(Post data):
185B7B941C9AB38B656BE6DE76CC85FD1F4557E605229DF90825D11CFE18E380
AES(SHA256(Post data), Session key):
A92D19A06B269F884D9DBF4D0AD259CC878EBDE1F78C5C5435E547987A899B5D
Post body:
HORA=16&MIN=50&SEG=29&DIA=20&MES=02&ANO=17&AUT=12345678909;A92D19A06B269F884D9DBF4D0AD259CC878EBDE1F78C5C5435E547987A899B5D
Unknown error. Sleeping and retrying...
**** AUTHENTICATED POST ****
Post Data Str.:
165029200217
Post Data Bin.:
313635303239323030323137
Master key:
000102030405060708090A0B0C0D0E0F000102030405060708090A0B0C0D0E0F
SHA256(password):
03AC674216F3E15C761EE1A5E255F067953623C8B388B4459E13F978D7C846F4
Session key:
03AD654112F6E75B7E17EBAEEE58FE68953721CBB78DB242961AF373DBC548FB
SHA256(Post data):
185B7B941C9AB38B656BE6DE76CC85FD1F4557E605229DF90825D11CFE18E380
AES(SHA256(Post data), Session key):
A92D19A06B269F884D9DBF4D0AD259CC878EBDE1F78C5C5435E547987A899B5D
Post body:
HORA=16&MIN=50&SEG=29&DIA=20&MES=02&ANO=17&AUT=12345678909;A92D19A06B269F884D9DBF4D0AD259CC878EBDE1F78C5C5435E547987A899B5D
Unknown error. Sleeping and retrying...
**** AUTHENTICATED POST ****
Post Data Str.:
165029200217
Post Data Bin.:
313635303239323030323137
Master key:
000102030405060708090A0B0C0D0E0F000102030405060708090A0B0C0D0E0F
SHA256(password):
03AC674216F3E15C761EE1A5E255F067953623C8B388B4459E13F978D7C846F4
Session key:
03AD654112F6E75B7E17EBAEEE58FE68953721CBB78DB242961AF373DBC548FB
SHA256(Post data):
185B7B941C9AB38B656BE6DE76CC85FD1F4557E605229DF90825D11CFE18E380
AES(SHA256(Post data), Session key):
A92D19A06B269F884D9DBF4D0AD259CC878EBDE1F78C5C5435E547987A899B5D
Post body:
HORA=16&MIN=50&SEG=29&DIA=20&MES=02&ANO=17&AUT=12345678909;A92D19A06B269F884D9DBF4D0AD259CC878EBDE1F78C5C5435E547987A899B5D
Unknown error. Sleeping and retrying...
**** AUTHENTICATED POST ****
Post Data Str.:
165029200217
Post Data Bin.:
313635303239323030323137
Master key:
000102030405060708090A0B0C0D0E0F000102030405060708090A0B0C0D0E0F
SHA256(password):
03AC674216F3E15C761EE1A5E255F067953623C8B388B4459E13F978D7C846F4
Session key:
03AD654112F6E75B7E17EBAEEE58FE68953721CBB78DB242961AF373DBC548FB
SHA256(Post data):
185B7B941C9AB38B656BE6DE76CC85FD1F4557E605229DF90825D11CFE18E380
AES(SHA256(Post data), Session key):
A92D19A06B269F884D9DBF4D0AD259CC878EBDE1F78C5C5435E547987A899B5D
Post body:
HORA=16&MIN=50&SEG=29&DIA=20&MES=02&ANO=17&AUT=12345678909;A92D19A06B269F884D9DBF4D0AD259CC878EBDE1F78C5C5435E547987A899B5D
Unknown error. Sleeping and retrying...
**** AUTHENTICATED POST ****
Post Data Str.:
165029200217
Post Data Bin.:
313635303239323030323137
Master key:
000102030405060708090A0B0C0D0E0F000102030405060708090A0B0C0D0E0F
SHA256(password):
03AC674216F3E15C761EE1A5E255F067953623C8B388B4459E13F978D7C846F4
Session key:
03AD654112F6E75B7E17EBAEEE58FE68953721CBB78DB242961AF373DBC548FB
SHA256(Post data):
185B7B941C9AB38B656BE6DE76CC85FD1F4557E605229DF90825D11CFE18E380
AES(SHA256(Post data), Session key):
A92D19A06B269F884D9DBF4D0AD259CC878EBDE1F78C5C5435E547987A899B5D
Post body:
HORA=16&MIN=50&SEG=29&DIA=20&MES=02&ANO=17&AUT=12345678909;A92D19A06B269F884D9DBF4D0AD259CC878EBDE1F78C5C5435E547987A899B5D
Unknown error. Sleeping and retrying...
**** AUTHENTICATED POST ****
Post Data Str.:
165058200217
Post Data Bin.:
313635303538323030323137
Master key:
000102030405060708090A0B0C0D0E0F000102030405060708090A0B0C0D0E0F
SHA256(password):
03AC674216F3E15C761EE1A5E255F067953623C8B388B4459E13F978D7C846F4
Session key:
03AD654112F6E75B7E17EBAEEE58FE68953721CBB78DB242961AF373DBC548FB
SHA256(Post data):
B8222E8F97A6352D7DF14A9DF8386D3F41EED247CE63A132BBAFC0D391847AFD
AES(SHA256(Post data), Session key):
61DB589F715A86535BC5B323C728EB42E19896F193048AB872D0E7944B3703A8
Post body:
HORA=16&MIN=50&SEG=58&DIA=20&MES=02&ANO=17&AUT=12345678909;61DB589F715A86535BC5B323C728EB42E19896F193048AB872D0E7944B3703A8
Unknown error. Sleeping and retrying...
**** AUTHENTICATED POST ****
Post Data Str.:
165058200217
Post Data Bin.:
313635303538323030323137
Master key:
000102030405060708090A0B0C0D0E0F000102030405060708090A0B0C0D0E0F
SHA256(password):
03AC674216F3E15C761EE1A5E255F067953623C8B388B4459E13F978D7C846F4
Session key:
03AD654112F6E75B7E17EBAEEE58FE68953721CBB78DB242961AF373DBC548FB
SHA256(Post data):
B8222E8F97A6352D7DF14A9DF8386D3F41EED247CE63A132BBAFC0D391847AFD
AES(SHA256(Post data), Session key):
61DB589F715A86535BC5B323C728EB42E19896F193048AB872D0E7944B3703A8
Post body:
HORA=16&MIN=50&SEG=58&DIA=20&MES=02&ANO=17&AUT=12345678909;61DB589F715A86535BC5B323C728EB42E19896F193048AB872D0E7944B3703A8
Unknown error. Sleeping and retrying...
**** AUTHENTICATED POST ****
Post Data Str.:
165058200217
Post Data Bin.:
313635303538323030323137
Master key:
000102030405060708090A0B0C0D0E0F000102030405060708090A0B0C0D0E0F
SHA256(password):
03AC674216F3E15C761EE1A5E255F067953623C8B388B4459E13F978D7C846F4
Session key:
03AD654112F6E75B7E17EBAEEE58FE68953721CBB78DB242961AF373DBC548FB
SHA256(Post data):
B8222E8F97A6352D7DF14A9DF8386D3F41EED247CE63A132BBAFC0D391847AFD
AES(SHA256(Post data), Session key):
61DB589F715A86535BC5B323C728EB42E19896F193048AB872D0E7944B3703A8
Post body:
HORA=16&MIN=50&SEG=58&DIA=20&MES=02&ANO=17&AUT=12345678909;61DB589F715A86535BC5B323C728EB42E19896F193048AB872D0E7944B3703A8
Unknown error. Sleeping and retrying...
**** AUTHENTICATED POST ****
Post Data Str.:
165058200217
Post Data Bin.:
313635303538323030323137
Master key:
000102030405060708090A0B0C0D0E0F000102030405060708090A0B0C0D0E0F
SHA256(password):
03AC674216F3E15C761EE1A5E255F067953623C8B388B4459E13F978D7C846F4
Session key:
03AD654112F6E75B7E17EBAEEE58FE68953721CBB78DB242961AF373DBC548FB
SHA256(Post data):
B8222E8F97A6352D7DF14A9DF8386D3F41EED247CE63A132BBAFC0D391847AFD
AES(SHA256(Post data), Session key):
61DB589F715A86535BC5B323C728EB42E19896F193048AB872D0E7944B3703A8
Post body:
HORA=16&MIN=50&SEG=58&DIA=20&MES=02&ANO=17&AUT=12345678909;61DB589F715A86535BC5B323C728EB42E19896F193048AB872D0E7944B3703A8
Unknown error. Sleeping and retrying...
**** AUTHENTICATED POST ****
Post Data Str.:
165058200217
Post Data Bin.:
313635303538323030323137
Master key:
000102030405060708090A0B0C0D0E0F000102030405060708090A0B0C0D0E0F
SHA256(password):
03AC674216F3E15C761EE1A5E255F067953623C8B388B4459E13F978D7C846F4
Session key:
03AD654112F6E75B7E17EBAEEE58FE68953721CBB78DB242961AF373DBC548FB
SHA256(Post data):
B8222E8F97A6352D7DF14A9DF8386D3F41EED247CE63A132BBAFC0D391847AFD
AES(SHA256(Post data), Session key):
61DB589F715A86535BC5B323C728EB42E19896F193048AB872D0E7944B3703A8
Post body:
HORA=16&MIN=50&SEG=58&DIA=20&MES=02&ANO=17&AUT=12345678909;61DB589F715A86535BC5B323C728EB42E19896F193048AB872D0E7944B3703A8
Unknown error. Sleeping and retrying...
**** AUTHENTICATED POST ****
Post Data Str.:
165437200217
Post Data Bin.:
313635343337323030323137
Master key:
000102030405060708090A0B0C0D0E0F000102030405060708090A0B0C0D0E0F
SHA256(password):
03AC674216F3E15C761EE1A5E255F067953623C8B388B4459E13F978D7C846F4
Session key:
03AD654112F6E75B7E17EBAEEE58FE68953721CBB78DB242961AF373DBC548FB
SHA256(Post data):
C05A5177BA2F1661F649509F270AC00F1AC06BC7A6CBA1F51910036C8F33F9B1
AES(SHA256(Post data), Session key):
4C860F03353E5D65B3F024F6CC1570D97BAE2C65068607BDF9E4CED1E1D26F8C
Post body:
HORA=16&MIN=54&SEG=37&DIA=20&MES=02&ANO=17&AUT=12345678909;4C860F03353E5D65B3F024F6CC1570D97BAE2C65068607BDF9E4CED1E1D26F8C
Unknown error. Sleeping and retrying...
**** AUTHENTICATED POST ****
Post Data Str.:
165437200217
Post Data Bin.:
313635343337323030323137
Master key:
000102030405060708090A0B0C0D0E0F000102030405060708090A0B0C0D0E0F
SHA256(password):
03AC674216F3E15C761EE1A5E255F067953623C8B388B4459E13F978D7C846F4
Session key:
03AD654112F6E75B7E17EBAEEE58FE68953721CBB78DB242961AF373DBC548FB
SHA256(Post data):
C05A5177BA2F1661F649509F270AC00F1AC06BC7A6CBA1F51910036C8F33F9B1
AES(SHA256(Post data), Session key):
4C860F03353E5D65B3F024F6CC1570D97BAE2C65068607BDF9E4CED1E1D26F8C
Post body:
HORA=16&MIN=54&SEG=37&DIA=20&MES=02&ANO=17&AUT=12345678909;4C860F03353E5D65B3F024F6CC1570D97BAE2C65068607BDF9E4CED1E1D26F8C
Unknown error. Sleeping and retrying...
**** AUTHENTICATED POST ****
Post Data Str.:
165437200217
Post Data Bin.:
313635343337323030323137
Master key:
000102030405060708090A0B0C0D0E0F000102030405060708090A0B0C0D0E0F
SHA256(password):
03AC674216F3E15C761EE1A5E255F067953623C8B388B4459E13F978D7C846F4
Session key:
03AD654112F6E75B7E17EBAEEE58FE68953721CBB78DB242961AF373DBC548FB
SHA256(Post data):
C05A5177BA2F1661F649509F270AC00F1AC06BC7A6CBA1F51910036C8F33F9B1
AES(SHA256(Post data), Session key):
4C860F03353E5D65B3F024F6CC1570D97BAE2C65068607BDF9E4CED1E1D26F8C
Post body:
HORA=16&MIN=54&SEG=37&DIA=20&MES=02&ANO=17&AUT=12345678909;4C860F03353E5D65B3F024F6CC1570D97BAE2C65068607BDF9E4CED1E1D26F8C
Unknown error. Sleeping and retrying...
**** AUTHENTICATED POST ****
Post Data Str.:
165437200217
Post Data Bin.:
313635343337323030323137
Master key:
000102030405060708090A0B0C0D0E0F000102030405060708090A0B0C0D0E0F
SHA256(password):
03AC674216F3E15C761EE1A5E255F067953623C8B388B4459E13F978D7C846F4
Session key:
03AD654112F6E75B7E17EBAEEE58FE68953721CBB78DB242961AF373DBC548FB
SHA256(Post data):
C05A5177BA2F1661F649509F270AC00F1AC06BC7A6CBA1F51910036C8F33F9B1
AES(SHA256(Post data), Session key):
4C860F03353E5D65B3F024F6CC1570D97BAE2C65068607BDF9E4CED1E1D26F8C
Post body:
HORA=16&MIN=54&SEG=37&DIA=20&MES=02&ANO=17&AUT=12345678909;4C860F03353E5D65B3F024F6CC1570D97BAE2C65068607BDF9E4CED1E1D26F8C
Unknown error. Sleeping and retrying...
**** AUTHENTICATED POST ****
Post Data Str.:
165437200217
Post Data Bin.:
313635343337323030323137
Master key:
000102030405060708090A0B0C0D0E0F000102030405060708090A0B0C0D0E0F
SHA256(password):
03AC674216F3E15C761EE1A5E255F067953623C8B388B4459E13F978D7C846F4
Session key:
03AD654112F6E75B7E17EBAEEE58FE68953721CBB78DB242961AF373DBC548FB
SHA256(Post data):
C05A5177BA2F1661F649509F270AC00F1AC06BC7A6CBA1F51910036C8F33F9B1
AES(SHA256(Post data), Session key):
4C860F03353E5D65B3F024F6CC1570D97BAE2C65068607BDF9E4CED1E1D26F8C
Post body:
HORA=16&MIN=54&SEG=37&DIA=20&MES=02&ANO=17&AUT=12345678909;4C860F03353E5D65B3F024F6CC1570D97BAE2C65068607BDF9E4CED1E1D26F8C
Unknown error. Sleeping and retrying...
**** AUTHENTICATED POST ****
Post Data Str.:
165520200217
Post Data Bin.:
313635353230323030323137
Master key:
000102030405060708090A0B0C0D0E0F000102030405060708090A0B0C0D0E0F
SHA256(password):
03AC674216F3E15C761EE1A5E255F067953623C8B388B4459E13F978D7C846F4
Session key:
03AD654112F6E75B7E17EBAEEE58FE68953721CBB78DB242961AF373DBC548FB
SHA256(Post data):
E63769D765E99125ECEEB5C55AB37E96766521CCE77EDA62622DB8F3E024EA2E
AES(SHA256(Post data), Session key):
213DC09AD8F50D5D4FC3BD8036F80CEF040780608C14A871A61455B10DD93B4E
Post body:
HORA=16&MIN=55&SEG=20&DIA=20&MES=02&ANO=17&AUT=12345678909;213DC09AD8F50D5D4FC3BD8036F80CEF040780608C14A871A61455B10DD93B4E
Unknown error. Sleeping and retrying...
**** AUTHENTICATED POST ****
Post Data Str.:
165520200217
Post Data Bin.:
313635353230323030323137
Master key:
000102030405060708090A0B0C0D0E0F000102030405060708090A0B0C0D0E0F
SHA256(password):
03AC674216F3E15C761EE1A5E255F067953623C8B388B4459E13F978D7C846F4
Session key:
03AD654112F6E75B7E17EBAEEE58FE68953721CBB78DB242961AF373DBC548FB
SHA256(Post data):
E63769D765E99125ECEEB5C55AB37E96766521CCE77EDA62622DB8F3E024EA2E
AES(SHA256(Post data), Session key):
213DC09AD8F50D5D4FC3BD8036F80CEF040780608C14A871A61455B10DD93B4E
Post body:
HORA=16&MIN=55&SEG=20&DIA=20&MES=02&ANO=17&AUT=12345678909;213DC09AD8F50D5D4FC3BD8036F80CEF040780608C14A871A61455B10DD93B4E
Unknown error. Sleeping and retrying...
**** AUTHENTICATED POST ****
Post Data Str.:
165520200217
Post Data Bin.:
313635353230323030323137
Master key:
000102030405060708090A0B0C0D0E0F000102030405060708090A0B0C0D0E0F
SHA256(password):
03AC674216F3E15C761EE1A5E255F067953623C8B388B4459E13F978D7C846F4
Session key:
03AD654112F6E75B7E17EBAEEE58FE68953721CBB78DB242961AF373DBC548FB
SHA256(Post data):
E63769D765E99125ECEEB5C55AB37E96766521CCE77EDA62622DB8F3E024EA2E
AES(SHA256(Post data), Session key):
213DC09AD8F50D5D4FC3BD8036F80CEF040780608C14A871A61455B10DD93B4E
Post body:
HORA=16&MIN=55&SEG=20&DIA=20&MES=02&ANO=17&AUT=12345678909;213DC09AD8F50D5D4FC3BD8036F80CEF040780608C14A871A61455B10DD93B4E
Unknown error. Sleeping and retrying...
**** AUTHENTICATED POST ****
Post Data Str.:
165520200217
Post Data Bin.:
313635353230323030323137
Master key:
000102030405060708090A0B0C0D0E0F000102030405060708090A0B0C0D0E0F
SHA256(password):
03AC674216F3E15C761EE1A5E255F067953623C8B388B4459E13F978D7C846F4
Session key:
03AD654112F6E75B7E17EBAEEE58FE68953721CBB78DB242961AF373DBC548FB
SHA256(Post data):
E63769D765E99125ECEEB5C55AB37E96766521CCE77EDA62622DB8F3E024EA2E
AES(SHA256(Post data), Session key):
213DC09AD8F50D5D4FC3BD8036F80CEF040780608C14A871A61455B10DD93B4E
Post body:
HORA=16&MIN=55&SEG=20&DIA=20&MES=02&ANO=17&AUT=12345678909;213DC09AD8F50D5D4FC3BD8036F80CEF040780608C14A871A61455B10DD93B4E
Unknown error. Sleeping and retrying...
**** AUTHENTICATED POST ****
Post Data Str.:
165520200217
Post Data Bin.:
313635353230323030323137
Master key:
000102030405060708090A0B0C0D0E0F000102030405060708090A0B0C0D0E0F
SHA256(password):
03AC674216F3E15C761EE1A5E255F067953623C8B388B4459E13F978D7C846F4
Session key:
03AD654112F6E75B7E17EBAEEE58FE68953721CBB78DB242961AF373DBC548FB
SHA256(Post data):
E63769D765E99125ECEEB5C55AB37E96766521CCE77EDA62622DB8F3E024EA2E
AES(SHA256(Post data), Session key):
213DC09AD8F50D5D4FC3BD8036F80CEF040780608C14A871A61455B10DD93B4E
Post body:
HORA=16&MIN=55&SEG=20&DIA=20&MES=02&ANO=17&AUT=12345678909;213DC09AD8F50D5D4FC3BD8036F80CEF040780608C14A871A61455B10DD93B4E
Unknown error. Sleeping and retrying...
Unknown error. Sleeping and retrying...
Unknown error. Sleeping and retrying...
Unknown error. Sleeping and retrying...
Unknown error. Sleeping and retrying...
Unknown error. Sleeping and retrying...
Unknown error. Sleeping and retrying...
Unknown error. Sleeping and retrying...
Unknown error. Sleeping and retrying...
Unknown error. Sleeping and retrying...
Unknown error. Sleeping and retrying...
Unknown error. Sleeping and retrying...
Unknown error. Sleeping and retrying...
Unknown error. Sleeping and retrying...
Unknown error. Sleeping and retrying...
Unknown error. Sleeping and retrying...
Unknown error. Sleeping and retrying...
Unknown error. Sleeping and retrying...
Unknown error. Sleeping and retrying...
Unknown error. Sleeping and retrying...
Unknown error. Sleeping and retrying...
Unknown error. Sleeping and retrying...
Unknown error. Sleeping and retrying...
Unknown error. Sleeping and retrying...
Unknown error. Sleeping and retrying...
Unknown error. Sleeping and retrying...
Unknown error. Sleeping and retrying...
Unknown error. Sleeping and retrying...
Unknown error. Sleeping and retrying...
Unknown error. Sleeping and retrying...
Unknown error. Sleeping and retrying...
Unknown error. Sleeping and retrying...
Unknown error. Sleeping and retrying...
Unknown error. Sleeping and retrying...
Unknown error. Sleeping and retrying...
Unknown error. Sleeping and retrying...
Unknown error. Sleeping and retrying...
Unknown error. Sleeping and retrying...
Unknown error. Sleeping and retrying...
Unknown error. Sleeping and retrying...
Unknown error. Sleeping and retrying...
**** AUTHENTICATED POST ****
Post Data Str.:
090858210217
Post Data Bin.:
303930383538323130323137
Master key:
B23F1379EBCA6B4A68BFE8EECFD6B648080002AACB2702787E6584537879DB65
SHA256(password):
03AC674216F3E15C761EE1A5E255F067953623C8B388B4459E13F978D7C846F4
Session key:
B193743BFD398A161EA1094B2D83462F9D36216278AFB63DE0767D2BAFB19D91
SHA256(Post data):
E44D424F47481373CB477EC7ED2B9C84AC4D200B33BB6A674A76AC42B989C821
AES(SHA256(Post data), Session key):
B3C91935D29684664A6637A43123FFD3ED4B0D9BC0CCAB9AFE0A9E24CE698AF5
Post body:
HORA=09&MIN=08&SEG=58&DIA=21&MES=02&ANO=17&AUT=14765017850;B3C91935D29684664A6637A43123FFD3ED4B0D9BC0CCAB9AFE0A9E24CE698AF5
Response ok.
**** AUTHENTICATED POST ****
Post Data Str.:
584051760001031ASSECONT%20TESTERUA%20MARIO
Post Data Bin.:
35383430353137363030303130333141535345434F4E5425323054455354455255412532304D4152494F
Master key:
B23F1379EBCA6B4A68BFE8EECFD6B648080002AACB2702787E6584537879DB65
SHA256(password):
03AC674216F3E15C761EE1A5E255F067953623C8B388B4459E13F978D7C846F4
Session key:
B193743BFD398A161EA1094B2D83462F9D36216278AFB63DE0767D2BAFB19D91
SHA256(Post data):
0A0F8E739E908C0685BA8A5034D8AB849D06269BBED66390016ADBCED8EF007B
AES(SHA256(Post data), Session key):
D856DF8DBD9AAB757566D4F83A4575A59C325A739CAA745EA9A04040583B8300
Post body:
CNPJ=58405176000103&CEI=&TIPO=1&NOME=ASSECONT%20TESTE&END=RUA%20MARIO&AUT=14765017850;D856DF8DBD9AAB757566D4F83A4575A59C325A739CAA745EA9A04040583B8300
Response ok.
09:10:40: Before req.GetResponse()
09:10:40: After req.GetResponse(), before Stream read
09:10:40: After Stream read
09:10:40: Before req.GetResponse()
09:10:43: After req.GetResponse(), before Stream read
09:10:43: After Stream read
09:10:43: Before request to http://192.168.1.198/MRP/Regs/NextReg
09:10:43: Before req.GetResponse()
09:10:47: After req.GetResponse(), before Stream read
09:10:47: After Stream read
09:10:47: After response, before parse
09:10:47: After parse
09:10:47: Before request to http://192.168.1.198/MRP/Regs/NextReg
09:10:47: Before req.GetResponse()
09:10:50: After req.GetResponse(), before Stream read
09:10:50: After Stream read
09:10:50: After response, before parse
09:10:50: After parse
09:10:50: Before request to http://192.168.1.198/MRP/Regs/NextReg
09:10:50: Before req.GetResponse()
09:10:53: After req.GetResponse(), before Stream read
09:10:53: After Stream read
09:10:53: After response, before parse
09:10:53: After parse
09:10:53: Before request to http://192.168.1.198/MRP/Regs/NextReg
09:10:53: Before req.GetResponse()
09:10:57: After req.GetResponse(), before Stream read
09:10:57: After Stream read
09:10:57: After response, before parse
09:10:57: After parse
09:10:57: Before req.GetResponse()
09:11:00: After req.GetResponse(), before Stream read
09:11:00: After Stream read
**** AUTHENTICATED POST ****
Post Data Str.:
092044210217
Post Data Bin.:
303932303434323130323137
Master key:
B23F1379EBCA6B4A68BFE8EECFD6B648080002AACB2702787E6584537879DB65
SHA256(password):
03AC674216F3E15C761EE1A5E255F067953623C8B388B4459E13F978D7C846F4
Session key:
B193743BFD398A161EA1094B2D83462F9D36216278AFB63DE0767D2BAFB19D91
SHA256(Post data):
FD40305A6F7A7073F6100ABB8FBBF2F9BB1E6304ADCBC915335973C628F45A74
AES(SHA256(Post data), Session key):
79494998158EDCBA0739336329685A3EF4BB56E359606EC19FA083DA99BE6842
Post body:
HORA=09&MIN=20&SEG=44&DIA=21&MES=02&ANO=17&AUT=14765017850;79494998158EDCBA0739336329685A3EF4BB56E359606EC19FA083DA99BE6842
Response ok.
**** AUTHENTICATED POST ****
Post Data Str.:
047566790001021Orion%20Integracao%20de%20Negocios%20e%20Tecnologia%20LdtaPra%E7a%20Presidente%20Castelo%20Branco%20235
Post Data Bin.:
3034373536363739303030313032314F72696F6E253230496E746567726163616F25323064652532304E65676F63696F73253230652532305465636E6F6C6F6769612532304C64746150726125453761253230507265736964656E746525323043617374656C6F2532304272616E636F253230323335
Master key:
B23F1379EBCA6B4A68BFE8EECFD6B648080002AACB2702787E6584537879DB65
SHA256(password):
03AC674216F3E15C761EE1A5E255F067953623C8B388B4459E13F978D7C846F4
Session key:
B193743BFD398A161EA1094B2D83462F9D36216278AFB63DE0767D2BAFB19D91
SHA256(Post data):
FD146302746DA207750BA61CFA6C328105FB64E50FB576120CBD1F9FBD8B5524
AES(SHA256(Post data), Session key):
6D218D5633D70D16592DBC3EBCBC5BB90835EF87F9911486A2E2746F41801413
Post body:
CNPJ=04756679000102&CEI=&TIPO=1&NOME=Orion%20Integracao%20de%20Negocios%20e%20Tecnologia%20Ldta&END=Pra%E7a%20Presidente%20Castelo%20Branco%20235&AUT=36524440862;6D218D5633D70D16592DBC3EBCBC5BB90835EF87F9911486A2E2746F41801413
HTTP error. Retrying...
Unknown error. Sleeping and retrying...
Unknown error. Sleeping and retrying...
Unknown error. Sleeping and retrying...
Unknown error. Sleeping and retrying...
Unknown error. Sleeping and retrying...
Unknown error. Sleeping and retrying...
Unknown error. Sleeping and retrying...
Unknown error. Sleeping and retrying...
Unknown error. Sleeping and retrying...
Unknown error. Sleeping and retrying...
Unknown error. Sleeping and retrying...
Unknown error. Sleeping and retrying...
Unknown error. Sleeping and retrying...
Unknown error. Sleeping and retrying...
Unknown error. Sleeping and retrying...
Unknown error. Sleeping and retrying...
Unknown error. Sleeping and retrying...
Unknown error. Sleeping and retrying...
Unknown error. Sleeping and retrying...
Unknown error. Sleeping and retrying...
Unknown error. Sleeping and retrying...
Unknown error. Sleeping and retrying...
Unknown error. Sleeping and retrying...
Unknown error. Sleeping and retrying...
Unknown error. Sleeping and retrying...
Unknown error. Sleeping and retrying...
Unknown error. Sleeping and retrying...
Unknown error. Sleeping and retrying...
Unknown error. Sleeping and retrying...
Unknown error. Sleeping and retrying...
Unknown error. Sleeping and retrying...
Unknown error. Sleeping and retrying...
Unknown error. Sleeping and retrying...
Unknown error. Sleeping and retrying...
Unknown error. Sleeping and retrying...
Unknown error. Sleeping and retrying...
Unknown error. Sleeping and retrying...
Unknown error. Sleeping and retrying...
Unknown error. Sleeping and retrying...
Unknown error. Sleeping and retrying...
Unknown error. Sleeping and retrying...
Unknown error. Sleeping and retrying...
Unknown error. Sleeping and retrying...
Unknown error. Sleeping and retrying...
Unknown error. Sleeping and retrying...
**** AUTHENTICATED POST ****
Post Data Str.:
0475667900010211Orion%20Integracao%20de%20Negocios%20e%20Tecnologia%20LdtaPraca%20Presidente%20Castelo%20Branco%20235
Post Data Bin.:
303437353636373930303031303231314F72696F6E253230496E746567726163616F25323064652532304E65676F63696F73253230652532305465636E6F6C6F6769612532304C6474615072616361253230507265736964656E746525323043617374656C6F2532304272616E636F253230323335
Master key:
B23F1379EBCA6B4A68BFE8EECFD6B648080002AACB2702787E6584537879DB65
SHA256(password):
03AC674216F3E15C761EE1A5E255F067953623C8B388B4459E13F978D7C846F4
Session key:
B193743BFD398A161EA1094B2D83462F9D36216278AFB63DE0767D2BAFB19D91
SHA256(Post data):
90E9752A21040FDC9DF981A050CF9E4B4B7C5AC2EC0A6766FDF4DF25D8BE50A1
AES(SHA256(Post data), Session key):
B5FC614EAB688303BDAD68A503E1D01E7A4E4DE3195965A40864A401A8492223
Post body:
CNPJ=04756679000102&CEI=1&TIPO=1&NOME=Orion%20Integracao%20de%20Negocios%20e%20Tecnologia%20Ldta&END=Praca%20Presidente%20Castelo%20Branco%20235&AUT=14765017850;B5FC614EAB688303BDAD68A503E1D01E7A4E4DE3195965A40864A401A8492223
Response ok.
**** AUTHENTICATED POST ****
Post Data Str.:
0475667900010211Orion%20Integracao%20de%20Negocios%20e%20Tecnologia%20LdtaPraca%20Presidente%20Castelo%20Branco%20235
Post Data Bin.:
303437353636373930303031303231314F72696F6E253230496E746567726163616F25323064652532304E65676F63696F73253230652532305465636E6F6C6F6769612532304C6474615072616361253230507265736964656E746525323043617374656C6F2532304272616E636F253230323335
Master key:
B23F1379EBCA6B4A68BFE8EECFD6B648080002AACB2702787E6584537879DB65
SHA256(password):
03AC674216F3E15C761EE1A5E255F067953623C8B388B4459E13F978D7C846F4
Session key:
B193743BFD398A161EA1094B2D83462F9D36216278AFB63DE0767D2BAFB19D91
SHA256(Post data):
90E9752A21040FDC9DF981A050CF9E4B4B7C5AC2EC0A6766FDF4DF25D8BE50A1
AES(SHA256(Post data), Session key):
B5FC614EAB688303BDAD68A503E1D01E7A4E4DE3195965A40864A401A8492223
Post body:
CNPJ=04756679000102&CEI=1&TIPO=1&NOME=Orion%20Integracao%20de%20Negocios%20e%20Tecnologia%20Ldta&END=Praca%20Presidente%20Castelo%20Branco%20235&AUT=14765017850;B5FC614EAB688303BDAD68A503E1D01E7A4E4DE3195965A40864A401A8492223
Response ok.
**** AUTHENTICATED POST ****
Post Data Str.:
112125240217
Post Data Bin.:
313132313235323430323137
Master key:
EF9E3FFDC55EFD9D214609E722516DD0761C35167012CC02C5B3668B4290882F
SHA256(password):
03AC674216F3E15C761EE1A5E255F067953623C8B388B4459E13F978D7C846F4
Session key:
EC3258BFD3AD1CC15758E842C0049DB7E32A16DEC39A78475BA09FF39558CEDB
SHA256(Post data):
206D411FEAE0A96B0EE9F95C15DA0BDDB8572655B50587D6AD2A45E60CBB30F2
AES(SHA256(Post data), Session key):
3CE4540B5728E18E24C6D24931BE2D8B2AB570ECF0AD565B3C3B7B445A25E82D
Post body:
HORA=11&MIN=21&SEG=25&DIA=24&MES=02&ANO=17&AUT=36524440862;3CE4540B5728E18E24C6D24931BE2D8B2AB570ECF0AD565B3C3B7B445A25E82D
Timeout. Retrying...
**** AUTHENTICATED POST ****
Post Data Str.:
112125240217
Post Data Bin.:
313132313235323430323137
Master key:
EF9E3FFDC55EFD9D214609E722516DD0761C35167012CC02C5B3668B4290882F
SHA256(password):
03AC674216F3E15C761EE1A5E255F067953623C8B388B4459E13F978D7C846F4
Session key:
EC3258BFD3AD1CC15758E842C0049DB7E32A16DEC39A78475BA09FF39558CEDB
SHA256(Post data):
206D411FEAE0A96B0EE9F95C15DA0BDDB8572655B50587D6AD2A45E60CBB30F2
AES(SHA256(Post data), Session key):
3CE4540B5728E18E24C6D24931BE2D8B2AB570ECF0AD565B3C3B7B445A25E82D
Post body:
HORA=11&MIN=21&SEG=25&DIA=24&MES=02&ANO=17&AUT=36524440862;3CE4540B5728E18E24C6D24931BE2D8B2AB570ECF0AD565B3C3B7B445A25E82D
Timeout. Retrying...
**** AUTHENTICATED POST ****
Post Data Str.:
112125240217
Post Data Bin.:
313132313235323430323137
Master key:
EF9E3FFDC55EFD9D214609E722516DD0761C35167012CC02C5B3668B4290882F
SHA256(password):
03AC674216F3E15C761EE1A5E255F067953623C8B388B4459E13F978D7C846F4
Session key:
EC3258BFD3AD1CC15758E842C0049DB7E32A16DEC39A78475BA09FF39558CEDB
SHA256(Post data):
206D411FEAE0A96B0EE9F95C15DA0BDDB8572655B50587D6AD2A45E60CBB30F2
AES(SHA256(Post data), Session key):
3CE4540B5728E18E24C6D24931BE2D8B2AB570ECF0AD565B3C3B7B445A25E82D
Post body:
HORA=11&MIN=21&SEG=25&DIA=24&MES=02&ANO=17&AUT=36524440862;3CE4540B5728E18E24C6D24931BE2D8B2AB570ECF0AD565B3C3B7B445A25E82D
Timeout. Retrying...
**** AUTHENTICATED POST ****
Post Data Str.:
112125240217
Post Data Bin.:
313132313235323430323137
Master key:
EF9E3FFDC55EFD9D214609E722516DD0761C35167012CC02C5B3668B4290882F
SHA256(password):
03AC674216F3E15C761EE1A5E255F067953623C8B388B4459E13F978D7C846F4
Session key:
EC3258BFD3AD1CC15758E842C0049DB7E32A16DEC39A78475BA09FF39558CEDB
SHA256(Post data):
206D411FEAE0A96B0EE9F95C15DA0BDDB8572655B50587D6AD2A45E60CBB30F2
AES(SHA256(Post data), Session key):
3CE4540B5728E18E24C6D24931BE2D8B2AB570ECF0AD565B3C3B7B445A25E82D
Post body:
HORA=11&MIN=21&SEG=25&DIA=24&MES=02&ANO=17&AUT=36524440862;3CE4540B5728E18E24C6D24931BE2D8B2AB570ECF0AD565B3C3B7B445A25E82D
Timeout. Retrying...
**** AUTHENTICATED POST ****
Post Data Str.:
112125240217
Post Data Bin.:
313132313235323430323137
Master key:
EF9E3FFDC55EFD9D214609E722516DD0761C35167012CC02C5B3668B4290882F
SHA256(password):
03AC674216F3E15C761EE1A5E255F067953623C8B388B4459E13F978D7C846F4
Session key:
EC3258BFD3AD1CC15758E842C0049DB7E32A16DEC39A78475BA09FF39558CEDB
SHA256(Post data):
206D411FEAE0A96B0EE9F95C15DA0BDDB8572655B50587D6AD2A45E60CBB30F2
AES(SHA256(Post data), Session key):
3CE4540B5728E18E24C6D24931BE2D8B2AB570ECF0AD565B3C3B7B445A25E82D
Post body:
HORA=11&MIN=21&SEG=25&DIA=24&MES=02&ANO=17&AUT=36524440862;3CE4540B5728E18E24C6D24931BE2D8B2AB570ECF0AD565B3C3B7B445A25E82D
Timeout. Retrying...
**** AUTHENTICATED POST ****
Post Data Str.:
120122240217
Post Data Bin.:
313230313232323430323137
Master key:
EF9E3FFDC55EFD9D214609E722516DD0761C35167012CC02C5B3668B4290882F
SHA256(password):
03AC674216F3E15C761EE1A5E255F067953623C8B388B4459E13F978D7C846F4
Session key:
EC3258BFD3AD1CC15758E842C0049DB7E32A16DEC39A78475BA09FF39558CEDB
SHA256(Post data):
68498113B4B1695A189E87276D85A364DE9306EE5D97995E0503BB2B77951E62
AES(SHA256(Post data), Session key):
6BE3A12099F4347266DE756F7A348F140AA9448417685CB3CB0450CEB6B5F868
Post body:
HORA=12&MIN=01&SEG=22&DIA=24&MES=02&ANO=17&AUT=36524440862;6BE3A12099F4347266DE756F7A348F140AA9448417685CB3CB0450CEB6B5F868
**** AUTHENTICATED POST ****
Post Data Str.:
120122240217
Post Data Bin.:
313230313232323430323137
Master key:
EF9E3FFDC55EFD9D214609E722516DD0761C35167012CC02C5B3668B4290882F
SHA256(password):
03AC674216F3E15C761EE1A5E255F067953623C8B388B4459E13F978D7C846F4
Session key:
EC3258BFD3AD1CC15758E842C0049DB7E32A16DEC39A78475BA09FF39558CEDB
SHA256(Post data):
68498113B4B1695A189E87276D85A364DE9306EE5D97995E0503BB2B77951E62
AES(SHA256(Post data), Session key):
6BE3A12099F4347266DE756F7A348F140AA9448417685CB3CB0450CEB6B5F868
Post body:
HORA=12&MIN=01&SEG=22&DIA=24&MES=02&ANO=17&AUT=36524440862;6BE3A12099F4347266DE756F7A348F140AA9448417685CB3CB0450CEB6B5F868
**** AUTHENTICATED POST ****
Post Data Str.:
120122240217
Post Data Bin.:
313230313232323430323137
Master key:
EF9E3FFDC55EFD9D214609E722516DD0761C35167012CC02C5B3668B4290882F
SHA256(password):
03AC674216F3E15C761EE1A5E255F067953623C8B388B4459E13F978D7C846F4
Session key:
EC3258BFD3AD1CC15758E842C0049DB7E32A16DEC39A78475BA09FF39558CEDB
SHA256(Post data):
68498113B4B1695A189E87276D85A364DE9306EE5D97995E0503BB2B77951E62
AES(SHA256(Post data), Session key):
6BE3A12099F4347266DE756F7A348F140AA9448417685CB3CB0450CEB6B5F868
Post body:
HORA=12&MIN=01&SEG=22&DIA=24&MES=02&ANO=17&AUT=36524440862;6BE3A12099F4347266DE756F7A348F140AA9448417685CB3CB0450CEB6B5F868
**** AUTHENTICATED POST ****
Post Data Str.:
120122240217
Post Data Bin.:
313230313232323430323137
Master key:
EF9E3FFDC55EFD9D214609E722516DD0761C35167012CC02C5B3668B4290882F
SHA256(password):
03AC674216F3E15C761EE1A5E255F067953623C8B388B4459E13F978D7C846F4
Session key:
EC3258BFD3AD1CC15758E842C0049DB7E32A16DEC39A78475BA09FF39558CEDB
SHA256(Post data):
68498113B4B1695A189E87276D85A364DE9306EE5D97995E0503BB2B77951E62
AES(SHA256(Post data), Session key):
6BE3A12099F4347266DE756F7A348F140AA9448417685CB3CB0450CEB6B5F868
Post body:
HORA=12&MIN=01&SEG=22&DIA=24&MES=02&ANO=17&AUT=36524440862;6BE3A12099F4347266DE756F7A348F140AA9448417685CB3CB0450CEB6B5F868
Timeout. Retrying...
**** AUTHENTICATED POST ****
Post Data Str.:
120122240217
Post Data Bin.:
313230313232323430323137
Master key:
EF9E3FFDC55EFD9D214609E722516DD0761C35167012CC02C5B3668B4290882F
SHA256(password):
03AC674216F3E15C761EE1A5E255F067953623C8B388B4459E13F978D7C846F4
Session key:
EC3258BFD3AD1CC15758E842C0049DB7E32A16DEC39A78475BA09FF39558CEDB
SHA256(Post data):
68498113B4B1695A189E87276D85A364DE9306EE5D97995E0503BB2B77951E62
AES(SHA256(Post data), Session key):
6BE3A12099F4347266DE756F7A348F140AA9448417685CB3CB0450CEB6B5F868
Post body:
HORA=12&MIN=01&SEG=22&DIA=24&MES=02&ANO=17&AUT=36524440862;6BE3A12099F4347266DE756F7A348F140AA9448417685CB3CB0450CEB6B5F868
Timeout. Retrying...
Unknown error. Sleeping and retrying...
Unknown error. Sleeping and retrying...
Unknown error. Sleeping and retrying...
Unknown error. Sleeping and retrying...
Unknown error. Sleeping and retrying...
Unknown error. Sleeping and retrying...
Unknown error. Sleeping and retrying...
Unknown error. Sleeping and retrying...
Unknown error. Sleeping and retrying...
Unknown error. Sleeping and retrying...
Unknown error. Sleeping and retrying...
Unknown error. Sleeping and retrying...
Unknown error. Sleeping and retrying...
Unknown error. Sleeping and retrying...
Unknown error. Sleeping and retrying...
**** AUTHENTICATED POST ****
Post Data Str.:
121210240217
Post Data Bin.:
313231323130323430323137
Master key:
EF9E3FFBC55EFD9D214609E722516DD0761C35167012CC02C5B3668B4290882F
SHA256(password):
03AC674216F3E15C761EE1A5E255F067953623C8B388B4459E13F978D7C846F4
Session key:
EC3258B9D3AD1CC15758E842C0049DB7E32A16DEC39A78475BA09FF39558CEDB
SHA256(Post data):
747F07C5F13CCE3C69AE597AF2C856E3113A87490465F7CFA65F99305AC8D0A4
AES(SHA256(Post data), Session key):
4FE91F5B92D41A874F6275B78E1F9E09BEDE12B9A451F1ABC83867B1A418B7E5
Post body:
HORA=12&MIN=12&SEG=10&DIA=24&MES=02&ANO=17&AUT=45189219844;4FE91F5B92D41A874F6275B78E1F9E09BEDE12B9A451F1ABC83867B1A418B7E5
**** AUTHENTICATED POST ****
Post Data Str.:
121440240217
Post Data Bin.:
313231343430323430323137
Master key:
EF9E3FFBC55EFD9D214609E722516DD0761C35167012CC02C5B3668B4290882F
SHA256(password):
03AC674216F3E15C761EE1A5E255F067953623C8B388B4459E13F978D7C846F4
Session key:
EC3258B9D3AD1CC15758E842C0049DB7E32A16DEC39A78475BA09FF39558CEDB
SHA256(Post data):
FE01220918C8E983049975FF9A9B3E14DB6BA77C1F3F6049D369F5EB800AD9BC
AES(SHA256(Post data), Session key):
9660135EDD7A77B72440FF89320B897D891CC275EE5CC94101D3C5FBDEE36A2A
Post body:
HORA=12&MIN=14&SEG=40&DIA=24&MES=02&ANO=17&AUT=45189219844;9660135EDD7A77B72440FF89320B897D891CC275EE5CC94101D3C5FBDEE36A2A
HTTP error. Retrying...
**** AUTHENTICATED POST ****
Post Data Str.:
122608240217
Post Data Bin.:
313232363038323430323137
Master key:
EF9E3FFBC55EFD9D214609E722516DD0761C35167012CC02C5B3668B4290882F
SHA256(password):
03AC674216F3E15C761EE1A5E255F067953623C8B388B4459E13F978D7C846F4
Session key:
EC3258B9D3AD1CC15758E842C0049DB7E32A16DEC39A78475BA09FF39558CEDB
SHA256(Post data):
C1A083A6C5A2627F37060ADCBDAC3AB2AC999A2A7BAFEBF49D50CD011AD359F3
AES(SHA256(Post data), Session key):
1E44417C13D2B59F61704A7DA7A47343ABE8A311C9FDF97CC7AC0C5369D20CBB
Post body:
HORA=12&MIN=26&SEG=08&DIA=24&MES=02&ANO=17&AUT=45189219844;1E44417C13D2B59F61704A7DA7A47343ABE8A311C9FDF97CC7AC0C5369D20CBB
Response ok.
**** AUTHENTICATED POST ****
Post Data Str.:
203987413657163Camila%20Cristina%20De%20Lima%20Pereira07163
Post Data Bin.:
32303339383734313336353731363343616D696C612532304372697374696E6125323044652532304C696D61253230506572656972613037313633
Master key:
EF9E3FFBC55EFD9D214609E722516DD0761C35167012CC02C5B3668B4290882F
SHA256(password):
03AC674216F3E15C761EE1A5E255F067953623C8B388B4459E13F978D7C846F4
Session key:
EC3258B9D3AD1CC15758E842C0049DB7E32A16DEC39A78475BA09FF39558CEDB
SHA256(Post data):
3B595E31F0E5E4863B649E49407D8A00A549334ABED5F894F9094B6AE7D213BB
AES(SHA256(Post data), Session key):
1A10C2B78825120DBD5D4E6CE469BCD68A6AF0EA33CAA6083E897F9E33B48883
Post body:
PIS=20398741365&ID=7163&NOME=Camila%20Cristina%20De%20Lima%20Pereira&CNTLS=0&KBD=7163&AUT=45189219844;1A10C2B78825120DBD5D4E6CE469BCD68A6AF0EA33CAA6083E897F9E33B48883
Response ok.
14:48:50: Before req.GetResponse()
**** AUTHENTICATED POST ****
Post Data Str.:
160809010317
Post Data Bin.:
313630383039303130333137
Master key:
EF9E3FFBC55EFD9D214609E722516DD0761C35167012CC02C5B3668B4290882F
SHA256(password):
03AC674216F3E15C761EE1A5E255F067953623C8B388B4459E13F978D7C846F4
Session key:
EC3258B9D3AD1CC15758E842C0049DB7E32A16DEC39A78475BA09FF39558CEDB
SHA256(Post data):
3E404FC32CFB176526EE720CD032C68F31D50850A4DE20316E2E143BBC83ED88
AES(SHA256(Post data), Session key):
CB84BC6F08010147221AFB879DEF49653A3936D6C79E86604B6C22FF27670D57
Post body:
HORA=16&MIN=08&SEG=09&DIA=01&MES=03&ANO=17&AUT=14765017850;CB84BC6F08010147221AFB879DEF49653A3936D6C79E86604B6C22FF27670D57
Response ok.
**** AUTHENTICATED POST ****
Post Data Str.:
160955010317
Post Data Bin.:
313630393535303130333137
Master key:
EF9E3FFBC55EFD9D214609E722516DD0761C35167012CC02C5B3668B4290882F
SHA256(password):
03AC674216F3E15C761EE1A5E255F067953623C8B388B4459E13F978D7C846F4
Session key:
EC3258B9D3AD1CC15758E842C0049DB7E32A16DEC39A78475BA09FF39558CEDB
SHA256(Post data):
19EA15A86AC1B28D889001AD26084ADA6FDFC2254F21566D3B0AD682BD676E52
AES(SHA256(Post data), Session key):
61BC1B0EBE65112F0A95157942AD7DDCAD1357C3859F09058D3D29EFF0417868
Post body:
HORA=16&MIN=09&SEG=55&DIA=01&MES=03&ANO=17&AUT=14765017850;61BC1B0EBE65112F0A95157942AD7DDCAD1357C3859F09058D3D29EFF0417868
Response ok.
**** AUTHENTICATED POST ****
Post Data Str.:
16016301729100Dayana%20afastamento%20gravida0100
Post Data Bin.:
3136303136333031373239313030446179616E612532306166617374616D656E746F2532306772617669646130313030
Master key:
EF9E3FFBC55EFD9D214609E722516DD0761C35167012CC02C5B3668B4290882F
SHA256(password):
03AC674216F3E15C761EE1A5E255F067953623C8B388B4459E13F978D7C846F4
Session key:
EC3258B9D3AD1CC15758E842C0049DB7E32A16DEC39A78475BA09FF39558CEDB
SHA256(Post data):
C30B82A3771711934536F6FECBC42F3F4B18D0FBB0BA824F47D1D58A554588C5
AES(SHA256(Post data), Session key):
357A024E043B481ECF972F3F2E69FB3F32467E299932AFF27078B79C289E8ED8
Post body:
PIS=16016301729&ID=100&NOME=Dayana%20afastamento%20gravida&CNTLS=0&KBD=100&AUT=14765017850;357A024E043B481ECF972F3F2E69FB3F32467E299932AFF27078B79C289E8ED8
Response ok.
16:14:46: Before req.GetResponse()
16:14:46: After req.GetResponse(), before Stream read
16:14:46: After Stream read
16:14:46: Before req.GetResponse()
16:14:50: After req.GetResponse(), before Stream read
16:14:50: After Stream read
16:14:50: Before request to http://192.168.1.199/MRP/Regs/NextReg
16:14:50: Before req.GetResponse()
16:14:53: After req.GetResponse(), before Stream read
16:14:53: After Stream read
16:14:53: After response, before parse
16:14:53: After parse
16:14:53: Before request to http://192.168.1.199/MRP/Regs/NextReg
16:14:53: Before req.GetResponse()
16:14:56: After req.GetResponse(), before Stream read
16:14:56: After Stream read
16:14:56: After response, before parse
16:14:56: After parse
16:14:56: Before request to http://192.168.1.199/MRP/Regs/NextReg
16:14:56: Before req.GetResponse()
16:14:59: After req.GetResponse(), before Stream read
16:14:59: After Stream read
16:14:59: After response, before parse
16:14:59: After parse
16:14:59: Before request to http://192.168.1.199/MRP/Regs/NextReg
16:14:59: Before req.GetResponse()
16:15:03: After req.GetResponse(), before Stream read
16:15:03: After Stream read
16:15:03: After response, before parse
16:15:03: After parse
16:15:03: Before request to http://192.168.1.199/MRP/Regs/NextReg
16:15:03: Before req.GetResponse()
16:15:06: After req.GetResponse(), before Stream read
16:15:06: After Stream read
16:15:06: After response, before parse
16:15:06: After parse
16:15:06: Before req.GetResponse()
16:15:09: After req.GetResponse(), before Stream read
16:15:09: After Stream read
16:42:49: Before req.GetResponse()
16:42:49: After req.GetResponse(), before Stream read
16:42:49: After Stream read
16:42:49: Before req.GetResponse()
16:42:52: After req.GetResponse(), before Stream read
16:42:52: After Stream read
16:42:52: Before request to http://192.168.1.199/MRP/Regs/NextReg
16:42:52: Before req.GetResponse()
16:42:55: After req.GetResponse(), before Stream read
16:42:55: After Stream read
16:42:55: After response, before parse
16:42:55: After parse
16:42:55: Before req.GetResponse()
16:42:58: After req.GetResponse(), before Stream read
16:42:58: After Stream read
