**** AUTHENTICATED POST ****
Post Data Str.:
143335300816
Post Data Bin.:
313433333335333030383136
Master key:
000102030405060708090A0B0C0D0E0F000102030405060708090A0B0C0D0E0F
SHA256(password):
03AC674216F3E15C761EE1A5E255F067953623C8B388B4459E13F978D7C846F4
Session key:
03AD654112F6E75B7E17EBAEEE58FE68953721CBB78DB242961AF373DBC548FB
SHA256(Post data):
27226A9F0D2559F9C6E12DD1EC4946CD78CE4FB24412E0262CCFFB2B07D4E230
AES(SHA256(Post data), Session key):
566D10E8680CBB79C08902CFB8251C57B35A27326C9974CF0852D3E62A38BF6D
Post body:
HORA=14&MIN=33&SEG=35&DIA=30&MES=08&ANO=16&AUT=69604699610;566D10E8680CBB79C08902CFB8251C57B35A27326C9974CF0852D3E62A38BF6D
**** AUTHENTICATED POST ****
Post Data Str.:
143335300816
Post Data Bin.:
313433333335333030383136
Master key:
000102030405060708090A0B0C0D0E0F000102030405060708090A0B0C0D0E0F
SHA256(password):
03AC674216F3E15C761EE1A5E255F067953623C8B388B4459E13F978D7C846F4
Session key:
03AD654112F6E75B7E17EBAEEE58FE68953721CBB78DB242961AF373DBC548FB
SHA256(Post data):
27226A9F0D2559F9C6E12DD1EC4946CD78CE4FB24412E0262CCFFB2B07D4E230
AES(SHA256(Post data), Session key):
566D10E8680CBB79C08902CFB8251C57B35A27326C9974CF0852D3E62A38BF6D
Post body:
HORA=14&MIN=33&SEG=35&DIA=30&MES=08&ANO=16&AUT=69604699610;566D10E8680CBB79C08902CFB8251C57B35A27326C9974CF0852D3E62A38BF6D
**** AUTHENTICATED POST ****
Post Data Str.:
145836300816
Post Data Bin.:
313435383336333030383136
Master key:
000102030405060708090A0B0C0D0E0F000102030405060708090A0B0C0D0E0F
SHA256(password):
03AC674216F3E15C761EE1A5E255F067953623C8B388B4459E13F978D7C846F4
Session key:
03AD654112F6E75B7E17EBAEEE58FE68953721CBB78DB242961AF373DBC548FB
SHA256(Post data):
6C6ABEAEC0B446E6114480517D744723A46C618DB11B3F87ACAD7C8F1C8EF5A9
AES(SHA256(Post data), Session key):
6FB236746D79D041F7326F20DE28FC907FDDE44D133CA7EFECF6BE43E06214E6
Post body:
HORA=14&MIN=58&SEG=36&DIA=30&MES=08&ANO=16&AUT=69604699610;6FB236746D79D041F7326F20DE28FC907FDDE44D133CA7EFECF6BE43E06214E6
**** AUTHENTICATED POST ****
Post Data Str.:
145836300816
Post Data Bin.:
313435383336333030383136
Master key:
000102030405060708090A0B0C0D0E0F000102030405060708090A0B0C0D0E0F
SHA256(password):
03AC674216F3E15C761EE1A5E255F067953623C8B388B4459E13F978D7C846F4
Session key:
03AD654112F6E75B7E17EBAEEE58FE68953721CBB78DB242961AF373DBC548FB
SHA256(Post data):
6C6ABEAEC0B446E6114480517D744723A46C618DB11B3F87ACAD7C8F1C8EF5A9
AES(SHA256(Post data), Session key):
6FB236746D79D041F7326F20DE28FC907FDDE44D133CA7EFECF6BE43E06214E6
Post body:
HORA=14&MIN=58&SEG=36&DIA=30&MES=08&ANO=16&AUT=69604699610;6FB236746D79D041F7326F20DE28FC907FDDE44D133CA7EFECF6BE43E06214E6
**** AUTHENTICATED POST ****
Post Data Str.:
154346300816
Post Data Bin.:
313534333436333030383136
Master key:
000102030405060708090A0B0C0D0E0F000102030405060708090A0B0C0D0E0F
SHA256(password):
03AC674216F3E15C761EE1A5E255F067953623C8B388B4459E13F978D7C846F4
Session key:
03AD654112F6E75B7E17EBAEEE58FE68953721CBB78DB242961AF373DBC548FB
SHA256(Post data):
21E52968C1EA548DB4FB098B55501FAE6DDC89479609AC3A0473BEFA7AD77877
AES(SHA256(Post data), Session key):
2F4DED36EBB49EC4471E2640B9491E293B4FC7E7E9FB7CDEAF20F36321F22F5E
Post body:
HORA=15&MIN=43&SEG=46&DIA=30&MES=08&ANO=16&AUT=69604699610;2F4DED36EBB49EC4471E2640B9491E293B4FC7E7E9FB7CDEAF20F36321F22F5E
**** AUTHENTICATED POST ****
Post Data Str.:
154346300816
Post Data Bin.:
313534333436333030383136
Master key:
000102030405060708090A0B0C0D0E0F000102030405060708090A0B0C0D0E0F
SHA256(password):
03AC674216F3E15C761EE1A5E255F067953623C8B388B4459E13F978D7C846F4
Session key:
03AD654112F6E75B7E17EBAEEE58FE68953721CBB78DB242961AF373DBC548FB
SHA256(Post data):
21E52968C1EA548DB4FB098B55501FAE6DDC89479609AC3A0473BEFA7AD77877
AES(SHA256(Post data), Session key):
2F4DED36EBB49EC4471E2640B9491E293B4FC7E7E9FB7CDEAF20F36321F22F5E
Post body:
HORA=15&MIN=43&SEG=46&DIA=30&MES=08&ANO=16&AUT=69604699610;2F4DED36EBB49EC4471E2640B9491E293B4FC7E7E9FB7CDEAF20F36321F22F5E
**** AUTHENTICATED POST ****
Post Data Str.:
154346300816
Post Data Bin.:
313534333436333030383136
Master key:
000102030405060708090A0B0C0D0E0F000102030405060708090A0B0C0D0E0F
SHA256(password):
03AC674216F3E15C761EE1A5E255F067953623C8B388B4459E13F978D7C846F4
Session key:
03AD654112F6E75B7E17EBAEEE58FE68953721CBB78DB242961AF373DBC548FB
SHA256(Post data):
21E52968C1EA548DB4FB098B55501FAE6DDC89479609AC3A0473BEFA7AD77877
AES(SHA256(Post data), Session key):
2F4DED36EBB49EC4471E2640B9491E293B4FC7E7E9FB7CDEAF20F36321F22F5E
Post body:
HORA=15&MIN=43&SEG=46&DIA=30&MES=08&ANO=16&AUT=69604699610;2F4DED36EBB49EC4471E2640B9491E293B4FC7E7E9FB7CDEAF20F36321F22F5E
**** AUTHENTICATED POST ****
Post Data Str.:
154346300816
Post Data Bin.:
313534333436333030383136
Master key:
000102030405060708090A0B0C0D0E0F000102030405060708090A0B0C0D0E0F
SHA256(password):
03AC674216F3E15C761EE1A5E255F067953623C8B388B4459E13F978D7C846F4
Session key:
03AD654112F6E75B7E17EBAEEE58FE68953721CBB78DB242961AF373DBC548FB
SHA256(Post data):
21E52968C1EA548DB4FB098B55501FAE6DDC89479609AC3A0473BEFA7AD77877
AES(SHA256(Post data), Session key):
2F4DED36EBB49EC4471E2640B9491E293B4FC7E7E9FB7CDEAF20F36321F22F5E
Post body:
HORA=15&MIN=43&SEG=46&DIA=30&MES=08&ANO=16&AUT=69604699610;2F4DED36EBB49EC4471E2640B9491E293B4FC7E7E9FB7CDEAF20F36321F22F5E
**** AUTHENTICATED POST ****
Post Data Str.:
154346300816
Post Data Bin.:
313534333436333030383136
Master key:
000102030405060708090A0B0C0D0E0F000102030405060708090A0B0C0D0E0F
SHA256(password):
03AC674216F3E15C761EE1A5E255F067953623C8B388B4459E13F978D7C846F4
Session key:
03AD654112F6E75B7E17EBAEEE58FE68953721CBB78DB242961AF373DBC548FB
SHA256(Post data):
21E52968C1EA548DB4FB098B55501FAE6DDC89479609AC3A0473BEFA7AD77877
AES(SHA256(Post data), Session key):
2F4DED36EBB49EC4471E2640B9491E293B4FC7E7E9FB7CDEAF20F36321F22F5E
Post body:
HORA=15&MIN=43&SEG=46&DIA=30&MES=08&ANO=16&AUT=69604699610;2F4DED36EBB49EC4471E2640B9491E293B4FC7E7E9FB7CDEAF20F36321F22F5E
**** AUTHENTICATED POST ****
Post Data Str.:
102046310816
Post Data Bin.:
313032303436333130383136
Master key:
000102030405060708090A0B0C0D0E0F000102030405060708090A0B0C0D0E0F
SHA256(password):
03AC674216F3E15C761EE1A5E255F067953623C8B388B4459E13F978D7C846F4
Session key:
03AD654112F6E75B7E17EBAEEE58FE68953721CBB78DB242961AF373DBC548FB
SHA256(Post data):
47EBBCCF4F91E3E0B54844F14819211EDD7DD4D25411A0A301D1AA57F27CEC19
AES(SHA256(Post data), Session key):
40635CBCD2CA1B82B3D61A27CC1071FCD2340DCAC58D59CB355C1C646026D441
Post body:
HORA=10&MIN=20&SEG=46&DIA=31&MES=08&ANO=16&AUT=69604699610;40635CBCD2CA1B82B3D61A27CC1071FCD2340DCAC58D59CB355C1C646026D441
**** AUTHENTICATED POST ****
Post Data Str.:
102046310816
Post Data Bin.:
313032303436333130383136
Master key:
000102030405060708090A0B0C0D0E0F000102030405060708090A0B0C0D0E0F
SHA256(password):
03AC674216F3E15C761EE1A5E255F067953623C8B388B4459E13F978D7C846F4
Session key:
03AD654112F6E75B7E17EBAEEE58FE68953721CBB78DB242961AF373DBC548FB
SHA256(Post data):
47EBBCCF4F91E3E0B54844F14819211EDD7DD4D25411A0A301D1AA57F27CEC19
AES(SHA256(Post data), Session key):
40635CBCD2CA1B82B3D61A27CC1071FCD2340DCAC58D59CB355C1C646026D441
Post body:
HORA=10&MIN=20&SEG=46&DIA=31&MES=08&ANO=16&AUT=69604699610;40635CBCD2CA1B82B3D61A27CC1071FCD2340DCAC58D59CB355C1C646026D441
**** AUTHENTICATED POST ****
Post Data Str.:
102814310816
Post Data Bin.:
313032383134333130383136
Master key:
B23F1379EBCA6B4A68BFE8EECFD6B648080002AACB2702787E6584537879DB65
SHA256(password):
03AC674216F3E15C761EE1A5E255F067953623C8B388B4459E13F978D7C846F4
Session key:
B193743BFD398A161EA1094B2D83462F9D36216278AFB63DE0767D2BAFB19D91
SHA256(Post data):
0A567E9025655295F15CA2BA9BE700FD8357E5AB05F02B107B8BCB50166D5B63
AES(SHA256(Post data), Session key):
7449E49331F1BEB13E275F8B5162DA0457639A0299AFF8E6A913B57E44CACBDB
Post body:
HORA=10&MIN=28&SEG=14&DIA=31&MES=08&ANO=16&AUT=45189219844;7449E49331F1BEB13E275F8B5162DA0457639A0299AFF8E6A913B57E44CACBDB
Response ok.
**** AUTHENTICATED POST ****
Post Data Str.:
103306310816
Post Data Bin.:
313033333036333130383136
Master key:
B23F1379EBCA6B4A68BFE8EECFD6B648080002AACB2702787E6584537879DB65
SHA256(password):
03AC674216F3E15C761EE1A5E255F067953623C8B388B4459E13F978D7C846F4
Session key:
B193743BFD398A161EA1094B2D83462F9D36216278AFB63DE0767D2BAFB19D91
SHA256(Post data):
311E0E8BCEA77F3E3BEACD77127A4EC4951CB3F80C8EE8CAE0B696E54CD702A0
AES(SHA256(Post data), Session key):
5DEA7238DE2D979FA0D306715F16A5754ACFDF77ED2BC53573AA3146D7AC5D39
Post body:
HORA=10&MIN=33&SEG=06&DIA=31&MES=08&ANO=16&AUT=45189219844;5DEA7238DE2D979FA0D306715F16A5754ACFDF77ED2BC53573AA3146D7AC5D39
Response ok.
**** AUTHENTICATED POST ****
Post Data Str.:
232281200001461Assecont%20Tecnologia%20testeRua%20Mario%2C%20100%20%2D%20Vila%20Romana
Post Data Bin.:
32333232383132303030303134363141737365636F6E742532305465636E6F6C6F67696125323074657374655275612532304D6172696F25324325323031303025323025324425323056696C61253230526F6D616E61
Master key:
B23F1379EBCA6B4A68BFE8EECFD6B648080002AACB2702787E6584537879DB65
SHA256(password):
03AC674216F3E15C761EE1A5E255F067953623C8B388B4459E13F978D7C846F4
Session key:
B193743BFD398A161EA1094B2D83462F9D36216278AFB63DE0767D2BAFB19D91
SHA256(Post data):
5AC516370479D639B3F4AB56B1BF28D3E933AC3289AA2AB131E14E2C6371B597
AES(SHA256(Post data), Session key):
95504A61D2AB192CFDC077FDE49AB3022BBDBADEF5F051CEADE756E2B24DB9E3
Post body:
CNPJ=23228120000146&CEI=&TIPO=1&NOME=Assecont%20Tecnologia%20teste&END=Rua%20Mario%2C%20100%20%2D%20Vila%20Romana&AUT=45189219844;95504A61D2AB192CFDC077FDE49AB3022BBDBADEF5F051CEADE756E2B24DB9E3
Response ok.
**** AUTHENTICATED POST ****
Post Data Str.:
13112199897538ABEL%20GONCALVES%20DA%20SILVA%20FILHO0538
Post Data Bin.:
31333131323139393839373533384142454C253230474F4E43414C564553253230444125323053494C564125323046494C484F30353338
Master key:
B23F1379EBCA6B4A68BFE8EECFD6B648080002AACB2702787E6584537879DB65
SHA256(password):
03AC674216F3E15C761EE1A5E255F067953623C8B388B4459E13F978D7C846F4
Session key:
B193743BFD398A161EA1094B2D83462F9D36216278AFB63DE0767D2BAFB19D91
SHA256(Post data):
800B617A96341D71C5D0F2D476BE74A13F93568F73701C1FE1A62D3A11AC7BC6
AES(SHA256(Post data), Session key):
D43D4CCB84111A33E44ECE277C4167FA776DABAED23C146501183E64FEBB67AC
Post body:
PIS=13112199897&ID=538&NOME=ABEL%20GONCALVES%20DA%20SILVA%20FILHO&CNTLS=0&KBD=538&AUT=45189219844;D43D4CCB84111A33E44ECE277C4167FA776DABAED23C146501183E64FEBB67AC
Response ok.
**** AUTHENTICATED POST ****
Post Data Str.:
13112199897538ABEL%20GONCALVES%20DA%20SILVA%20FILHO0538
Post Data Bin.:
31333131323139393839373533384142454C253230474F4E43414C564553253230444125323053494C564125323046494C484F30353338
Master key:
B23F1379EBCA6B4A68BFE8EECFD6B648080002AACB2702787E6584537879DB65
SHA256(password):
03AC674216F3E15C761EE1A5E255F067953623C8B388B4459E13F978D7C846F4
Session key:
B193743BFD398A161EA1094B2D83462F9D36216278AFB63DE0767D2BAFB19D91
SHA256(Post data):
800B617A96341D71C5D0F2D476BE74A13F93568F73701C1FE1A62D3A11AC7BC6
AES(SHA256(Post data), Session key):
D43D4CCB84111A33E44ECE277C4167FA776DABAED23C146501183E64FEBB67AC
Post body:
PIS=13112199897&ID=538&NOME=ABEL%20GONCALVES%20DA%20SILVA%20FILHO&CNTLS=0&KBD=538&AUT=45189219844;D43D4CCB84111A33E44ECE277C4167FA776DABAED23C146501183E64FEBB67AC
Response ok.
**** AUTHENTICATED POST ****
Post Data Str.:
12426599539135BENEDITO%20ARRUDA%20DA%20SILVA0135
Post Data Bin.:
313234323635393935333931333542454E454449544F253230415252554441253230444125323053494C564130313335
Master key:
B23F1379EBCA6B4A68BFE8EECFD6B648080002AACB2702787E6584537879DB65
SHA256(password):
03AC674216F3E15C761EE1A5E255F067953623C8B388B4459E13F978D7C846F4
Session key:
B193743BFD398A161EA1094B2D83462F9D36216278AFB63DE0767D2BAFB19D91
SHA256(Post data):
B921532C18F126447D3B406D41818ED4F5BAD4D90EA4E8ED47DB2330DDD41FE9
AES(SHA256(Post data), Session key):
8A1154E1E575F3F500D88F2CB4FC7053A2A7ED10F67A413752A557E869E542F8
Post body:
PIS=12426599539&ID=135&NOME=BENEDITO%20ARRUDA%20DA%20SILVA&CNTLS=0&KBD=135&AUT=45189219844;8A1154E1E575F3F500D88F2CB4FC7053A2A7ED10F67A413752A557E869E542F8
Response ok.
**** AUTHENTICATED POST ****
Post Data Str.:
12426599539135BENEDITO%20ARRUDA%20DA%20SILVA0135
Post Data Bin.:
313234323635393935333931333542454E454449544F253230415252554441253230444125323053494C564130313335
Master key:
B23F1379EBCA6B4A68BFE8EECFD6B648080002AACB2702787E6584537879DB65
SHA256(password):
03AC674216F3E15C761EE1A5E255F067953623C8B388B4459E13F978D7C846F4
Session key:
B193743BFD398A161EA1094B2D83462F9D36216278AFB63DE0767D2BAFB19D91
SHA256(Post data):
B921532C18F126447D3B406D41818ED4F5BAD4D90EA4E8ED47DB2330DDD41FE9
AES(SHA256(Post data), Session key):
8A1154E1E575F3F500D88F2CB4FC7053A2A7ED10F67A413752A557E869E542F8
Post body:
PIS=12426599539&ID=135&NOME=BENEDITO%20ARRUDA%20DA%20SILVA&CNTLS=0&KBD=135&AUT=45189219844;8A1154E1E575F3F500D88F2CB4FC7053A2A7ED10F67A413752A557E869E542F8
Response ok.
**** AUTHENTICATED POST ****
Post Data Str.:
12426599539
Post Data Bin.:
3132343236353939353339
Master key:
B23F1379EBCA6B4A68BFE8EECFD6B648080002AACB2702787E6584537879DB65
SHA256(password):
03AC674216F3E15C761EE1A5E255F067953623C8B388B4459E13F978D7C846F4
Session key:
B193743BFD398A161EA1094B2D83462F9D36216278AFB63DE0767D2BAFB19D91
SHA256(Post data):
BD91EC7017BCF44DF95ABED0214F453C054CB3E02FFED3A9DD181D8FC6964B41
AES(SHA256(Post data), Session key):
8EB0E79DC526972CCA34ADED5A9498F3EA36D65E65BE8F7038ED85204CBB2FF1
Post body:
PIS=12426599539&AUT=45189219844;8EB0E79DC526972CCA34ADED5A9498F3EA36D65E65BE8F7038ED85204CBB2FF1
Response ok.
11:17:38: Before req.GetResponse()
11:17:39: After req.GetResponse(), before Stream read
11:17:39: After Stream read
11:19:36: Before req.GetResponse()
11:19:36: After req.GetResponse(), before Stream read
11:19:36: After Stream read
11:19:36: Before request to http://192.168.1.199/MRP/Regs/NextReg
11:19:36: Before req.GetResponse()
11:19:40: After req.GetResponse(), before Stream read
11:19:40: After Stream read
11:19:40: After response, before parse
11:19:40: After parse
11:19:40: Before req.GetResponse()
11:19:43: After req.GetResponse(), before Stream read
11:19:43: After Stream read
**** AUTHENTICATED POST ****
Post Data Str.:
105740010916
Post Data Bin.:
313035373430303130393136
Master key:
000102030405060708090A0B0C0D0E0F000102030405060708090A0B0C0D0E0F
SHA256(password):
03AC674216F3E15C761EE1A5E255F067953623C8B388B4459E13F978D7C846F4
Session key:
03AD654112F6E75B7E17EBAEEE58FE68953721CBB78DB242961AF373DBC548FB
SHA256(Post data):
10FA47B0658311D9CBF66A217AE529B903D42002E474B5D58E836692AD9F963F
AES(SHA256(Post data), Session key):
CAAAD045BE15B29E6FF2D90834CD23C9482AAF6B458AB60EBA58AAB2FB28A2B3
Post body:
HORA=10&MIN=57&SEG=40&DIA=01&MES=09&ANO=16&AUT=12345678909;CAAAD045BE15B29E6FF2D90834CD23C9482AAF6B458AB60EBA58AAB2FB28A2B3
Unknown error. Sleeping and retrying...
**** AUTHENTICATED POST ****
Post Data Str.:
105740010916
Post Data Bin.:
313035373430303130393136
Master key:
000102030405060708090A0B0C0D0E0F000102030405060708090A0B0C0D0E0F
SHA256(password):
03AC674216F3E15C761EE1A5E255F067953623C8B388B4459E13F978D7C846F4
Session key:
03AD654112F6E75B7E17EBAEEE58FE68953721CBB78DB242961AF373DBC548FB
SHA256(Post data):
10FA47B0658311D9CBF66A217AE529B903D42002E474B5D58E836692AD9F963F
AES(SHA256(Post data), Session key):
CAAAD045BE15B29E6FF2D90834CD23C9482AAF6B458AB60EBA58AAB2FB28A2B3
Post body:
HORA=10&MIN=57&SEG=40&DIA=01&MES=09&ANO=16&AUT=12345678909;CAAAD045BE15B29E6FF2D90834CD23C9482AAF6B458AB60EBA58AAB2FB28A2B3
Unknown error. Sleeping and retrying...
**** AUTHENTICATED POST ****
Post Data Str.:
105740010916
Post Data Bin.:
313035373430303130393136
Master key:
000102030405060708090A0B0C0D0E0F000102030405060708090A0B0C0D0E0F
SHA256(password):
03AC674216F3E15C761EE1A5E255F067953623C8B388B4459E13F978D7C846F4
Session key:
03AD654112F6E75B7E17EBAEEE58FE68953721CBB78DB242961AF373DBC548FB
SHA256(Post data):
10FA47B0658311D9CBF66A217AE529B903D42002E474B5D58E836692AD9F963F
AES(SHA256(Post data), Session key):
CAAAD045BE15B29E6FF2D90834CD23C9482AAF6B458AB60EBA58AAB2FB28A2B3
Post body:
HORA=10&MIN=57&SEG=40&DIA=01&MES=09&ANO=16&AUT=12345678909;CAAAD045BE15B29E6FF2D90834CD23C9482AAF6B458AB60EBA58AAB2FB28A2B3
Unknown error. Sleeping and retrying...
**** AUTHENTICATED POST ****
Post Data Str.:
105740010916
Post Data Bin.:
313035373430303130393136
Master key:
000102030405060708090A0B0C0D0E0F000102030405060708090A0B0C0D0E0F
SHA256(password):
03AC674216F3E15C761EE1A5E255F067953623C8B388B4459E13F978D7C846F4
Session key:
03AD654112F6E75B7E17EBAEEE58FE68953721CBB78DB242961AF373DBC548FB
SHA256(Post data):
10FA47B0658311D9CBF66A217AE529B903D42002E474B5D58E836692AD9F963F
AES(SHA256(Post data), Session key):
CAAAD045BE15B29E6FF2D90834CD23C9482AAF6B458AB60EBA58AAB2FB28A2B3
Post body:
HORA=10&MIN=57&SEG=40&DIA=01&MES=09&ANO=16&AUT=12345678909;CAAAD045BE15B29E6FF2D90834CD23C9482AAF6B458AB60EBA58AAB2FB28A2B3
Unknown error. Sleeping and retrying...
**** AUTHENTICATED POST ****
Post Data Str.:
105740010916
Post Data Bin.:
313035373430303130393136
Master key:
000102030405060708090A0B0C0D0E0F000102030405060708090A0B0C0D0E0F
SHA256(password):
03AC674216F3E15C761EE1A5E255F067953623C8B388B4459E13F978D7C846F4
Session key:
03AD654112F6E75B7E17EBAEEE58FE68953721CBB78DB242961AF373DBC548FB
SHA256(Post data):
10FA47B0658311D9CBF66A217AE529B903D42002E474B5D58E836692AD9F963F
AES(SHA256(Post data), Session key):
CAAAD045BE15B29E6FF2D90834CD23C9482AAF6B458AB60EBA58AAB2FB28A2B3
Post body:
HORA=10&MIN=57&SEG=40&DIA=01&MES=09&ANO=16&AUT=12345678909;CAAAD045BE15B29E6FF2D90834CD23C9482AAF6B458AB60EBA58AAB2FB28A2B3
Unknown error. Sleeping and retrying...
**** AUTHENTICATED POST ****
Post Data Str.:
105830010916
Post Data Bin.:
313035383330303130393136
Master key:
B23F1379EBCA6B4A68BFE8EECFD6B648080002AACB2702787E6584537879DB65
SHA256(password):
03AC674216F3E15C761EE1A5E255F067953623C8B388B4459E13F978D7C846F4
Session key:
B193743BFD398A161EA1094B2D83462F9D36216278AFB63DE0767D2BAFB19D91
SHA256(Post data):
2815F9C639A1FFDC99B9ECFA5A79EDAB813AB0E93D00F76A69342240B235C226
AES(SHA256(Post data), Session key):
D2A06938773CB1661CE5E84120023FBC421F45F3CC6A353D61FC92E35F0382DD
Post body:
HORA=10&MIN=58&SEG=30&DIA=01&MES=09&ANO=16&AUT=45189219844;D2A06938773CB1661CE5E84120023FBC421F45F3CC6A353D61FC92E35F0382DD
Response ok.
**** AUTHENTICATED POST ****
Post Data Str.:
12426599539135BENEDITO%20ARRUDA%20DA%20SILVA0135
Post Data Bin.:
313234323635393935333931333542454E454449544F253230415252554441253230444125323053494C564130313335
Master key:
B23F1379EBCA6B4A68BFE8EECFD6B648080002AACB2702787E6584537879DB65
SHA256(password):
03AC674216F3E15C761EE1A5E255F067953623C8B388B4459E13F978D7C846F4
Session key:
B193743BFD398A161EA1094B2D83462F9D36216278AFB63DE0767D2BAFB19D91
SHA256(Post data):
B921532C18F126447D3B406D41818ED4F5BAD4D90EA4E8ED47DB2330DDD41FE9
AES(SHA256(Post data), Session key):
8A1154E1E575F3F500D88F2CB4FC7053A2A7ED10F67A413752A557E869E542F8
Post body:
PIS=12426599539&ID=135&NOME=BENEDITO%20ARRUDA%20DA%20SILVA&CNTLS=0&KBD=135&AUT=45189219844;8A1154E1E575F3F500D88F2CB4FC7053A2A7ED10F67A413752A557E869E542F8
Response ok.
**** AUTHENTICATED POST ****
Post Data Str.:
12426599539
Post Data Bin.:
3132343236353939353339
Master key:
B23F1379EBCA6B4A68BFE8EECFD6B648080002AACB2702787E6584537879DB65
SHA256(password):
03AC674216F3E15C761EE1A5E255F067953623C8B388B4459E13F978D7C846F4
Session key:
B193743BFD398A161EA1094B2D83462F9D36216278AFB63DE0767D2BAFB19D91
SHA256(Post data):
BD91EC7017BCF44DF95ABED0214F453C054CB3E02FFED3A9DD181D8FC6964B41
AES(SHA256(Post data), Session key):
8EB0E79DC526972CCA34ADED5A9498F3EA36D65E65BE8F7038ED85204CBB2FF1
Post body:
PIS=12426599539&AUT=45189219844;8EB0E79DC526972CCA34ADED5A9498F3EA36D65E65BE8F7038ED85204CBB2FF1
Response ok.
**** AUTHENTICATED POST ****
Post Data Str.:
232281200001461Assecont%20Tecnologia%20testeRua%20Mario%2C%20100%20%2D%20Vila%20Romana
Post Data Bin.:
32333232383132303030303134363141737365636F6E742532305465636E6F6C6F67696125323074657374655275612532304D6172696F25324325323031303025323025324425323056696C61253230526F6D616E61
Master key:
B23F1379EBCA6B4A68BFE8EECFD6B648080002AACB2702787E6584537879DB65
SHA256(password):
03AC674216F3E15C761EE1A5E255F067953623C8B388B4459E13F978D7C846F4
Session key:
B193743BFD398A161EA1094B2D83462F9D36216278AFB63DE0767D2BAFB19D91
SHA256(Post data):
5AC516370479D639B3F4AB56B1BF28D3E933AC3289AA2AB131E14E2C6371B597
AES(SHA256(Post data), Session key):
95504A61D2AB192CFDC077FDE49AB3022BBDBADEF5F051CEADE756E2B24DB9E3
Post body:
CNPJ=23228120000146&CEI=&TIPO=1&NOME=Assecont%20Tecnologia%20teste&END=Rua%20Mario%2C%20100%20%2D%20Vila%20Romana&AUT=45189219844;95504A61D2AB192CFDC077FDE49AB3022BBDBADEF5F051CEADE756E2B24DB9E3
Response ok.
**** AUTHENTICATED POST ****
Post Data Str.:
20452679324
Post Data Bin.:
3230343532363739333234
Master key:
B23F1379EBCA6B4A68BFE8EECFD6B648080002AACB2702787E6584537879DB65
SHA256(password):
46070D4BF934FB0D4B06D9E2C46E346944E322444900A435D7D9A95E6D7435F5
Session key:
F4381E3212FE904723B9310C0BB882214CE320EE8227A64DA9BC2D0D150DEE90
SHA256(Post data):
7C24065F2989DD2981D5030DF3E41BC3ECB1BA511657CF1E00BE70FB05CB16FF
AES(SHA256(Post data), Session key):
9FB203E41D4802E5FE2502633A32285AF4597781C0F9E5E8A16194C89B0F3EDD
Post body:
PIS=20452679324&AUT=45189219844;9FB203E41D4802E5FE2502633A32285AF4597781C0F9E5E8A16194C89B0F3EDD
Timeout. Retrying...
**** AUTHENTICATED POST ****
Post Data Str.:
20452679324
Post Data Bin.:
3230343532363739333234
Master key:
B23F1379EBCA6B4A68BFE8EECFD6B648080002AACB2702787E6584537879DB65
SHA256(password):
46070D4BF934FB0D4B06D9E2C46E346944E322444900A435D7D9A95E6D7435F5
Session key:
F4381E3212FE904723B9310C0BB882214CE320EE8227A64DA9BC2D0D150DEE90
SHA256(Post data):
7C24065F2989DD2981D5030DF3E41BC3ECB1BA511657CF1E00BE70FB05CB16FF
AES(SHA256(Post data), Session key):
9FB203E41D4802E5FE2502633A32285AF4597781C0F9E5E8A16194C89B0F3EDD
Post body:
PIS=20452679324&AUT=45189219844;9FB203E41D4802E5FE2502633A32285AF4597781C0F9E5E8A16194C89B0F3EDD
Timeout. Retrying...
**** AUTHENTICATED POST ****
Post Data Str.:
20452679324
Post Data Bin.:
3230343532363739333234
Master key:
B23F1379EBCA6B4A68BFE8EECFD6B648080002AACB2702787E6584537879DB65
SHA256(password):
46070D4BF934FB0D4B06D9E2C46E346944E322444900A435D7D9A95E6D7435F5
Session key:
F4381E3212FE904723B9310C0BB882214CE320EE8227A64DA9BC2D0D150DEE90
SHA256(Post data):
7C24065F2989DD2981D5030DF3E41BC3ECB1BA511657CF1E00BE70FB05CB16FF
AES(SHA256(Post data), Session key):
9FB203E41D4802E5FE2502633A32285AF4597781C0F9E5E8A16194C89B0F3EDD
Post body:
PIS=20452679324&AUT=45189219844;9FB203E41D4802E5FE2502633A32285AF4597781C0F9E5E8A16194C89B0F3EDD
Timeout. Retrying...
**** AUTHENTICATED POST ****
Post Data Str.:
20452679324
Post Data Bin.:
3230343532363739333234
Master key:
B23F1379EBCA6B4A68BFE8EECFD6B648080002AACB2702787E6584537879DB65
SHA256(password):
46070D4BF934FB0D4B06D9E2C46E346944E322444900A435D7D9A95E6D7435F5
Session key:
F4381E3212FE904723B9310C0BB882214CE320EE8227A64DA9BC2D0D150DEE90
SHA256(Post data):
7C24065F2989DD2981D5030DF3E41BC3ECB1BA511657CF1E00BE70FB05CB16FF
AES(SHA256(Post data), Session key):
9FB203E41D4802E5FE2502633A32285AF4597781C0F9E5E8A16194C89B0F3EDD
Post body:
PIS=20452679324&AUT=45189219844;9FB203E41D4802E5FE2502633A32285AF4597781C0F9E5E8A16194C89B0F3EDD
Timeout. Retrying...
**** AUTHENTICATED POST ****
Post Data Str.:
20452679324
Post Data Bin.:
3230343532363739333234
Master key:
B23F1379EBCA6B4A68BFE8EECFD6B648080002AACB2702787E6584537879DB65
SHA256(password):
46070D4BF934FB0D4B06D9E2C46E346944E322444900A435D7D9A95E6D7435F5
Session key:
F4381E3212FE904723B9310C0BB882214CE320EE8227A64DA9BC2D0D150DEE90
SHA256(Post data):
7C24065F2989DD2981D5030DF3E41BC3ECB1BA511657CF1E00BE70FB05CB16FF
AES(SHA256(Post data), Session key):
9FB203E41D4802E5FE2502633A32285AF4597781C0F9E5E8A16194C89B0F3EDD
Post body:
PIS=20452679324&AUT=45189219844;9FB203E41D4802E5FE2502633A32285AF4597781C0F9E5E8A16194C89B0F3EDD
Timeout. Retrying...
**** AUTHENTICATED POST ****
Post Data Str.:
20452679324
Post Data Bin.:
3230343532363739333234
Master key:
B23F1379EBCA6B4A68BFE8EECFD6B648080002AACB2702787E6584537879DB65
SHA256(password):
46070D4BF934FB0D4B06D9E2C46E346944E322444900A435D7D9A95E6D7435F5
Session key:
F4381E3212FE904723B9310C0BB882214CE320EE8227A64DA9BC2D0D150DEE90
SHA256(Post data):
7C24065F2989DD2981D5030DF3E41BC3ECB1BA511657CF1E00BE70FB05CB16FF
AES(SHA256(Post data), Session key):
9FB203E41D4802E5FE2502633A32285AF4597781C0F9E5E8A16194C89B0F3EDD
Post body:
PIS=20452679324&AUT=45189219844;9FB203E41D4802E5FE2502633A32285AF4597781C0F9E5E8A16194C89B0F3EDD
**** AUTHENTICATED POST ****
Post Data Str.:
20452679324
Post Data Bin.:
3230343532363739333234
Master key:
B23F1379EBCA6B4A68BFE8EECFD6B648080002AACB2702787E6584537879DB65
SHA256(password):
46070D4BF934FB0D4B06D9E2C46E346944E322444900A435D7D9A95E6D7435F5
Session key:
F4381E3212FE904723B9310C0BB882214CE320EE8227A64DA9BC2D0D150DEE90
SHA256(Post data):
7C24065F2989DD2981D5030DF3E41BC3ECB1BA511657CF1E00BE70FB05CB16FF
AES(SHA256(Post data), Session key):
9FB203E41D4802E5FE2502633A32285AF4597781C0F9E5E8A16194C89B0F3EDD
Post body:
PIS=20452679324&AUT=45189219844;9FB203E41D4802E5FE2502633A32285AF4597781C0F9E5E8A16194C89B0F3EDD
**** AUTHENTICATED POST ****
Post Data Str.:
20452679324
Post Data Bin.:
3230343532363739333234
Master key:
B23F1379EBCA6B4A68BFE8EECFD6B648080002AACB2702787E6584537879DB65
SHA256(password):
46070D4BF934FB0D4B06D9E2C46E346944E322444900A435D7D9A95E6D7435F5
Session key:
F4381E3212FE904723B9310C0BB882214CE320EE8227A64DA9BC2D0D150DEE90
SHA256(Post data):
7C24065F2989DD2981D5030DF3E41BC3ECB1BA511657CF1E00BE70FB05CB16FF
AES(SHA256(Post data), Session key):
9FB203E41D4802E5FE2502633A32285AF4597781C0F9E5E8A16194C89B0F3EDD
Post body:
PIS=20452679324&AUT=45189219844;9FB203E41D4802E5FE2502633A32285AF4597781C0F9E5E8A16194C89B0F3EDD
**** AUTHENTICATED POST ****
Post Data Str.:
20452679324
Post Data Bin.:
3230343532363739333234
Master key:
B23F1379EBCA6B4A68BFE8EECFD6B648080002AACB2702787E6584537879DB65
SHA256(password):
46070D4BF934FB0D4B06D9E2C46E346944E322444900A435D7D9A95E6D7435F5
Session key:
F4381E3212FE904723B9310C0BB882214CE320EE8227A64DA9BC2D0D150DEE90
SHA256(Post data):
7C24065F2989DD2981D5030DF3E41BC3ECB1BA511657CF1E00BE70FB05CB16FF
AES(SHA256(Post data), Session key):
9FB203E41D4802E5FE2502633A32285AF4597781C0F9E5E8A16194C89B0F3EDD
Post body:
PIS=20452679324&AUT=45189219844;9FB203E41D4802E5FE2502633A32285AF4597781C0F9E5E8A16194C89B0F3EDD
**** AUTHENTICATED POST ****
Post Data Str.:
20452679324
Post Data Bin.:
3230343532363739333234
Master key:
B23F1379EBCA6B4A68BFE8EECFD6B648080002AACB2702787E6584537879DB65
SHA256(password):
46070D4BF934FB0D4B06D9E2C46E346944E322444900A435D7D9A95E6D7435F5
Session key:
F4381E3212FE904723B9310C0BB882214CE320EE8227A64DA9BC2D0D150DEE90
SHA256(Post data):
7C24065F2989DD2981D5030DF3E41BC3ECB1BA511657CF1E00BE70FB05CB16FF
AES(SHA256(Post data), Session key):
9FB203E41D4802E5FE2502633A32285AF4597781C0F9E5E8A16194C89B0F3EDD
Post body:
PIS=20452679324&AUT=45189219844;9FB203E41D4802E5FE2502633A32285AF4597781C0F9E5E8A16194C89B0F3EDD
**** AUTHENTICATED POST ****
Post Data Str.:
204526793241234EDINEIA%20NUNES%20SANTIAGO01234
Post Data Bin.:
3230343532363739333234313233344544494E4549412532304E554E455325323053414E544941474F3031323334
Master key:
B23F1379EBCA6B4A68BFE8EECFD6B648080002AACB2702787E6584537879DB65
SHA256(password):
46070D4BF934FB0D4B06D9E2C46E346944E322444900A435D7D9A95E6D7435F5
Session key:
F4381E3212FE904723B9310C0BB882214CE320EE8227A64DA9BC2D0D150DEE90
SHA256(Post data):
9ADA7A6FB958A8F3926BBD2407D24FA3782046FE1AB0BC99951840809ECB0611
AES(SHA256(Post data), Session key):
C2D616303459FA4453C131597E10C381199A20CAD8050FE61D4A4BDC5DA3380D
Post body:
PIS=20452679324&ID=1234&NOME=EDINEIA%20NUNES%20SANTIAGO&CNTLS=0&KBD=1234&AUT=45189219844;C2D616303459FA4453C131597E10C381199A20CAD8050FE61D4A4BDC5DA3380D
**** AUTHENTICATED POST ****
Post Data Str.:
204526793241234EDINEIA%20NUNES%20SANTIAGO01234
Post Data Bin.:
3230343532363739333234313233344544494E4549412532304E554E455325323053414E544941474F3031323334
Master key:
B23F1379EBCA6B4A68BFE8EECFD6B648080002AACB2702787E6584537879DB65
SHA256(password):
46070D4BF934FB0D4B06D9E2C46E346944E322444900A435D7D9A95E6D7435F5
Session key:
F4381E3212FE904723B9310C0BB882214CE320EE8227A64DA9BC2D0D150DEE90
SHA256(Post data):
9ADA7A6FB958A8F3926BBD2407D24FA3782046FE1AB0BC99951840809ECB0611
AES(SHA256(Post data), Session key):
C2D616303459FA4453C131597E10C381199A20CAD8050FE61D4A4BDC5DA3380D
Post body:
PIS=20452679324&ID=1234&NOME=EDINEIA%20NUNES%20SANTIAGO&CNTLS=0&KBD=1234&AUT=45189219844;C2D616303459FA4453C131597E10C381199A20CAD8050FE61D4A4BDC5DA3380D
**** AUTHENTICATED POST ****
Post Data Str.:
204526793241234EDINEIA%20NUNES%20SANTIAGO01234
Post Data Bin.:
3230343532363739333234313233344544494E4549412532304E554E455325323053414E544941474F3031323334
Master key:
B23F1379EBCA6B4A68BFE8EECFD6B648080002AACB2702787E6584537879DB65
SHA256(password):
46070D4BF934FB0D4B06D9E2C46E346944E322444900A435D7D9A95E6D7435F5
Session key:
F4381E3212FE904723B9310C0BB882214CE320EE8227A64DA9BC2D0D150DEE90
SHA256(Post data):
9ADA7A6FB958A8F3926BBD2407D24FA3782046FE1AB0BC99951840809ECB0611
AES(SHA256(Post data), Session key):
C2D616303459FA4453C131597E10C381199A20CAD8050FE61D4A4BDC5DA3380D
Post body:
PIS=20452679324&ID=1234&NOME=EDINEIA%20NUNES%20SANTIAGO&CNTLS=0&KBD=1234&AUT=45189219844;C2D616303459FA4453C131597E10C381199A20CAD8050FE61D4A4BDC5DA3380D
**** AUTHENTICATED POST ****
Post Data Str.:
204526793241234EDINEIA%20NUNES%20SANTIAGO01234
Post Data Bin.:
3230343532363739333234313233344544494E4549412532304E554E455325323053414E544941474F3031323334
Master key:
B23F1379EBCA6B4A68BFE8EECFD6B648080002AACB2702787E6584537879DB65
SHA256(password):
46070D4BF934FB0D4B06D9E2C46E346944E322444900A435D7D9A95E6D7435F5
Session key:
F4381E3212FE904723B9310C0BB882214CE320EE8227A64DA9BC2D0D150DEE90
SHA256(Post data):
9ADA7A6FB958A8F3926BBD2407D24FA3782046FE1AB0BC99951840809ECB0611
AES(SHA256(Post data), Session key):
C2D616303459FA4453C131597E10C381199A20CAD8050FE61D4A4BDC5DA3380D
Post body:
PIS=20452679324&ID=1234&NOME=EDINEIA%20NUNES%20SANTIAGO&CNTLS=0&KBD=1234&AUT=45189219844;C2D616303459FA4453C131597E10C381199A20CAD8050FE61D4A4BDC5DA3380D
**** AUTHENTICATED POST ****
Post Data Str.:
204526793241234EDINEIA%20NUNES%20SANTIAGO01234
Post Data Bin.:
3230343532363739333234313233344544494E4549412532304E554E455325323053414E544941474F3031323334
Master key:
B23F1379EBCA6B4A68BFE8EECFD6B648080002AACB2702787E6584537879DB65
SHA256(password):
46070D4BF934FB0D4B06D9E2C46E346944E322444900A435D7D9A95E6D7435F5
Session key:
F4381E3212FE904723B9310C0BB882214CE320EE8227A64DA9BC2D0D150DEE90
SHA256(Post data):
9ADA7A6FB958A8F3926BBD2407D24FA3782046FE1AB0BC99951840809ECB0611
AES(SHA256(Post data), Session key):
C2D616303459FA4453C131597E10C381199A20CAD8050FE61D4A4BDC5DA3380D
Post body:
PIS=20452679324&ID=1234&NOME=EDINEIA%20NUNES%20SANTIAGO&CNTLS=0&KBD=1234&AUT=45189219844;C2D616303459FA4453C131597E10C381199A20CAD8050FE61D4A4BDC5DA3380D
**** AUTHENTICATED POST ****
Post Data Str.:
20452679324
Post Data Bin.:
3230343532363739333234
Master key:
B23F1379EBCA6B4A68BFE8EECFD6B648080002AACB2702787E6584537879DB65
SHA256(password):
46070D4BF934FB0D4B06D9E2C46E346944E322444900A435D7D9A95E6D7435F5
Session key:
F4381E3212FE904723B9310C0BB882214CE320EE8227A64DA9BC2D0D150DEE90
SHA256(Post data):
7C24065F2989DD2981D5030DF3E41BC3ECB1BA511657CF1E00BE70FB05CB16FF
AES(SHA256(Post data), Session key):
9FB203E41D4802E5FE2502633A32285AF4597781C0F9E5E8A16194C89B0F3EDD
Post body:
PIS=20452679324&AUT=45189219844;9FB203E41D4802E5FE2502633A32285AF4597781C0F9E5E8A16194C89B0F3EDD
**** AUTHENTICATED POST ****
Post Data Str.:
20452679324
Post Data Bin.:
3230343532363739333234
Master key:
B23F1379EBCA6B4A68BFE8EECFD6B648080002AACB2702787E6584537879DB65
SHA256(password):
46070D4BF934FB0D4B06D9E2C46E346944E322444900A435D7D9A95E6D7435F5
Session key:
F4381E3212FE904723B9310C0BB882214CE320EE8227A64DA9BC2D0D150DEE90
SHA256(Post data):
7C24065F2989DD2981D5030DF3E41BC3ECB1BA511657CF1E00BE70FB05CB16FF
AES(SHA256(Post data), Session key):
9FB203E41D4802E5FE2502633A32285AF4597781C0F9E5E8A16194C89B0F3EDD
Post body:
PIS=20452679324&AUT=45189219844;9FB203E41D4802E5FE2502633A32285AF4597781C0F9E5E8A16194C89B0F3EDD
**** AUTHENTICATED POST ****
Post Data Str.:
20452679324
Post Data Bin.:
3230343532363739333234
Master key:
B23F1379EBCA6B4A68BFE8EECFD6B648080002AACB2702787E6584537879DB65
SHA256(password):
46070D4BF934FB0D4B06D9E2C46E346944E322444900A435D7D9A95E6D7435F5
Session key:
F4381E3212FE904723B9310C0BB882214CE320EE8227A64DA9BC2D0D150DEE90
SHA256(Post data):
7C24065F2989DD2981D5030DF3E41BC3ECB1BA511657CF1E00BE70FB05CB16FF
AES(SHA256(Post data), Session key):
9FB203E41D4802E5FE2502633A32285AF4597781C0F9E5E8A16194C89B0F3EDD
Post body:
PIS=20452679324&AUT=45189219844;9FB203E41D4802E5FE2502633A32285AF4597781C0F9E5E8A16194C89B0F3EDD
**** AUTHENTICATED POST ****
Post Data Str.:
20452679324
Post Data Bin.:
3230343532363739333234
Master key:
B23F1379EBCA6B4A68BFE8EECFD6B648080002AACB2702787E6584537879DB65
SHA256(password):
46070D4BF934FB0D4B06D9E2C46E346944E322444900A435D7D9A95E6D7435F5
Session key:
F4381E3212FE904723B9310C0BB882214CE320EE8227A64DA9BC2D0D150DEE90
SHA256(Post data):
7C24065F2989DD2981D5030DF3E41BC3ECB1BA511657CF1E00BE70FB05CB16FF
AES(SHA256(Post data), Session key):
9FB203E41D4802E5FE2502633A32285AF4597781C0F9E5E8A16194C89B0F3EDD
Post body:
PIS=20452679324&AUT=45189219844;9FB203E41D4802E5FE2502633A32285AF4597781C0F9E5E8A16194C89B0F3EDD
**** AUTHENTICATED POST ****
Post Data Str.:
20452679324
Post Data Bin.:
3230343532363739333234
Master key:
B23F1379EBCA6B4A68BFE8EECFD6B648080002AACB2702787E6584537879DB65
SHA256(password):
46070D4BF934FB0D4B06D9E2C46E346944E322444900A435D7D9A95E6D7435F5
Session key:
F4381E3212FE904723B9310C0BB882214CE320EE8227A64DA9BC2D0D150DEE90
SHA256(Post data):
7C24065F2989DD2981D5030DF3E41BC3ECB1BA511657CF1E00BE70FB05CB16FF
AES(SHA256(Post data), Session key):
9FB203E41D4802E5FE2502633A32285AF4597781C0F9E5E8A16194C89B0F3EDD
Post body:
PIS=20452679324&AUT=45189219844;9FB203E41D4802E5FE2502633A32285AF4597781C0F9E5E8A16194C89B0F3EDD
**** AUTHENTICATED POST ****
Post Data Str.:
20452679324
Post Data Bin.:
3230343532363739333234
Master key:
B23F1379EBCA6B4A68BFE8EECFD6B648080002AACB2702787E6584537879DB65
SHA256(password):
46070D4BF934FB0D4B06D9E2C46E346944E322444900A435D7D9A95E6D7435F5
Session key:
F4381E3212FE904723B9310C0BB882214CE320EE8227A64DA9BC2D0D150DEE90
SHA256(Post data):
7C24065F2989DD2981D5030DF3E41BC3ECB1BA511657CF1E00BE70FB05CB16FF
AES(SHA256(Post data), Session key):
9FB203E41D4802E5FE2502633A32285AF4597781C0F9E5E8A16194C89B0F3EDD
Post body:
PIS=20452679324&AUT=45189219844;9FB203E41D4802E5FE2502633A32285AF4597781C0F9E5E8A16194C89B0F3EDD
**** AUTHENTICATED POST ****
Post Data Str.:
20452679324
Post Data Bin.:
3230343532363739333234
Master key:
B23F1379EBCA6B4A68BFE8EECFD6B648080002AACB2702787E6584537879DB65
SHA256(password):
46070D4BF934FB0D4B06D9E2C46E346944E322444900A435D7D9A95E6D7435F5
Session key:
F4381E3212FE904723B9310C0BB882214CE320EE8227A64DA9BC2D0D150DEE90
SHA256(Post data):
7C24065F2989DD2981D5030DF3E41BC3ECB1BA511657CF1E00BE70FB05CB16FF
AES(SHA256(Post data), Session key):
9FB203E41D4802E5FE2502633A32285AF4597781C0F9E5E8A16194C89B0F3EDD
Post body:
PIS=20452679324&AUT=45189219844;9FB203E41D4802E5FE2502633A32285AF4597781C0F9E5E8A16194C89B0F3EDD
**** AUTHENTICATED POST ****
Post Data Str.:
20452679324
Post Data Bin.:
3230343532363739333234
Master key:
B23F1379EBCA6B4A68BFE8EECFD6B648080002AACB2702787E6584537879DB65
SHA256(password):
46070D4BF934FB0D4B06D9E2C46E346944E322444900A435D7D9A95E6D7435F5
Session key:
F4381E3212FE904723B9310C0BB882214CE320EE8227A64DA9BC2D0D150DEE90
SHA256(Post data):
7C24065F2989DD2981D5030DF3E41BC3ECB1BA511657CF1E00BE70FB05CB16FF
AES(SHA256(Post data), Session key):
9FB203E41D4802E5FE2502633A32285AF4597781C0F9E5E8A16194C89B0F3EDD
Post body:
PIS=20452679324&AUT=45189219844;9FB203E41D4802E5FE2502633A32285AF4597781C0F9E5E8A16194C89B0F3EDD
**** AUTHENTICATED POST ****
Post Data Str.:
20452679324
Post Data Bin.:
3230343532363739333234
Master key:
B23F1379EBCA6B4A68BFE8EECFD6B648080002AACB2702787E6584537879DB65
SHA256(password):
46070D4BF934FB0D4B06D9E2C46E346944E322444900A435D7D9A95E6D7435F5
Session key:
F4381E3212FE904723B9310C0BB882214CE320EE8227A64DA9BC2D0D150DEE90
SHA256(Post data):
7C24065F2989DD2981D5030DF3E41BC3ECB1BA511657CF1E00BE70FB05CB16FF
AES(SHA256(Post data), Session key):
9FB203E41D4802E5FE2502633A32285AF4597781C0F9E5E8A16194C89B0F3EDD
Post body:
PIS=20452679324&AUT=45189219844;9FB203E41D4802E5FE2502633A32285AF4597781C0F9E5E8A16194C89B0F3EDD
**** AUTHENTICATED POST ****
Post Data Str.:
20452679324
Post Data Bin.:
3230343532363739333234
Master key:
B23F1379EBCA6B4A68BFE8EECFD6B648080002AACB2702787E6584537879DB65
SHA256(password):
46070D4BF934FB0D4B06D9E2C46E346944E322444900A435D7D9A95E6D7435F5
Session key:
F4381E3212FE904723B9310C0BB882214CE320EE8227A64DA9BC2D0D150DEE90
SHA256(Post data):
7C24065F2989DD2981D5030DF3E41BC3ECB1BA511657CF1E00BE70FB05CB16FF
AES(SHA256(Post data), Session key):
9FB203E41D4802E5FE2502633A32285AF4597781C0F9E5E8A16194C89B0F3EDD
Post body:
PIS=20452679324&AUT=45189219844;9FB203E41D4802E5FE2502633A32285AF4597781C0F9E5E8A16194C89B0F3EDD
**** AUTHENTICATED POST ****
Post Data Str.:
20452679324
Post Data Bin.:
3230343532363739333234
Master key:
B23F1379EBCA6B4A68BFE8EECFD6B648080002AACB2702787E6584537879DB65
SHA256(password):
03AC674216F3E15C761EE1A5E255F067953623C8B388B4459E13F978D7C846F4
Session key:
B193743BFD398A161EA1094B2D83462F9D36216278AFB63DE0767D2BAFB19D91
SHA256(Post data):
7C24065F2989DD2981D5030DF3E41BC3ECB1BA511657CF1E00BE70FB05CB16FF
AES(SHA256(Post data), Session key):
55D2C738906CC7A24076CD24DA2C737E9688DCF1F11E57AC59F9122E34EE0672
Post body:
PIS=20452679324&AUT=45189219844;55D2C738906CC7A24076CD24DA2C737E9688DCF1F11E57AC59F9122E34EE0672
Response ok.
**** AUTHENTICATED POST ****
Post Data Str.:
21001843365
Post Data Bin.:
3231303031383433333635
Master key:
B23F1379EBCA6B4A68BFE8EECFD6B648080002AACB2702787E6584537879DB65
SHA256(password):
03AC674216F3E15C761EE1A5E255F067953623C8B388B4459E13F978D7C846F4
Session key:
B193743BFD398A161EA1094B2D83462F9D36216278AFB63DE0767D2BAFB19D91
SHA256(Post data):
A185F06393321C965F2D1C9F426569E3D99F1855046C8CF465CB8F74171E7BFB
AES(SHA256(Post data), Session key):
8F35E7D1946BD38F4832BBA51114B88B16D6D7023ADB0DEDD35AB76722AB01B6
Post body:
PIS=21001843365&AUT=45189219844;8F35E7D1946BD38F4832BBA51114B88B16D6D7023ADB0DEDD35AB76722AB01B6
Response ok.
